<?xml version="1.0" encoding="UTF-8"?>
<robot generator="Robot 7.4.1 (Python 3.13.7 on darwin)" generated="2025-12-26T09:47:24.372530" rpa="false" schemaversion="5">
<suite id="s1" name="Lab4-All-Tests">
<suite id="s1-s1" name="Lab4 Valid" source="/Users/kriangkrai/Git_soften/TestAutomationLab/lab4_valid.robot">
<kw name="Lab4 Suite Setup" owner="lab4_keywords" type="SETUP">
<kw name="Open Lab4 Test Browser" owner="lab4_keywords">
<kw name="Open Browser" owner="SeleniumLibrary">
<msg time="2025-12-26T09:47:24.499510" level="INFO">Opening browser 'Chrome' to base url 'http://localhost:7272/Lab4/Registration.html'.</msg>
<arg>${LAB4_REGISTRATION_URL}</arg>
<arg>${LAB4_BROWSER}</arg>
<doc>Opens a new browser instance to the optional ``url``.</doc>
<status status="PASS" start="2025-12-26T09:47:24.499405" elapsed="3.442885"/>
</kw>
<kw name="Set Selenium Speed" owner="SeleniumLibrary">
<arg>${LAB4_DELAY}</arg>
<doc>Sets the delay that is waited after each Selenium command.</doc>
<status status="PASS" start="2025-12-26T09:47:27.944205" elapsed="0.000553"/>
</kw>
<kw name="Maximize Browser Window" owner="SeleniumLibrary">
<doc>Maximizes current browser window.</doc>
<status status="PASS" start="2025-12-26T09:47:27.945141" elapsed="0.785325"/>
</kw>
<doc>เปิด Chrome Browser สำหรับการทดสอบ Lab4</doc>
<status status="PASS" start="2025-12-26T09:47:24.499162" elapsed="4.231399"/>
</kw>
<kw name="Log" owner="BuiltIn">
<msg time="2025-12-26T09:47:28.730854" level="INFO">Lab4 Test Suite Started with Chrome Browser</msg>
<arg>Lab4 Test Suite Started with Chrome Browser</arg>
<doc>Logs the given message with the given level.</doc>
<status status="PASS" start="2025-12-26T09:47:28.730651" elapsed="0.000230"/>
</kw>
<doc>Setup สำหรับ test suite ของ Lab4</doc>
<status status="PASS" start="2025-12-26T09:47:24.499044" elapsed="4.231867"/>
</kw>
<test id="s1-s1-t1" name="UAT-Lab04-001-TC01: Open Workshop Registration Page" line="19">
<kw name="Lab4 Test Setup" owner="lab4_keywords" type="SETUP">
<kw name="Navigate To Lab4 Registration Page" owner="lab4_keywords">
<kw name="Go To" owner="SeleniumLibrary">
<msg time="2025-12-26T09:47:28.731673" level="INFO">Opening url 'http://localhost:7272/Lab4/Registration.html'</msg>
<arg>${LAB4_REGISTRATION_URL}</arg>
<doc>Navigates the current browser window to the provided ``url``.</doc>
<status status="PASS" start="2025-12-26T09:47:28.731616" elapsed="0.210802"/>
</kw>
<kw name="Wait Until Page Contains Element" owner="SeleniumLibrary">
<arg>${FIRSTNAME_FIELD}</arg>
<arg>timeout=10s</arg>
<doc>Waits until the element ``locator`` appears on the current page.</doc>
<status status="PASS" start="2025-12-26T09:47:28.942535" elapsed="0.214355"/>
</kw>
<kw name="Page Should Contain" owner="SeleniumLibrary">
<msg time="2025-12-26T09:47:29.577576" level="INFO">Current page contains text 'Workshop Registration'.</msg>
<arg>Workshop Registration</arg>
<doc>Verifies that current page contains ``text``.</doc>
<status status="PASS" start="2025-12-26T09:47:29.157030" elapsed="0.420895"/>
</kw>
<doc>ไปยังหน้า Workshop Registration ของ Lab4</doc>
<status status="PASS" start="2025-12-26T09:47:28.731537" elapsed="0.846713"/>
</kw>
<doc>Setup สำหรับแต่ละ test case ของ Lab4</doc>
<status status="PASS" start="2025-12-26T09:47:28.731429" elapsed="0.846989"/>
</kw>
<kw name="Page Should Contain" owner="SeleniumLibrary">
<msg time="2025-12-26T09:47:30.005547" level="INFO">Current page contains text 'Workshop Registration'.</msg>
<arg>Workshop Registration</arg>
<doc>Verifies that current page contains ``text``.</doc>
<status status="PASS" start="2025-12-26T09:47:29.579106" elapsed="0.426849"/>
</kw>
<kw name="Page Should Contain Element" owner="SeleniumLibrary">
<msg time="2025-12-26T09:47:30.225621" level="INFO">Current page contains element 'id:firstname'.</msg>
<arg>${FIRSTNAME_FIELD}</arg>
<doc>Verifies that element ``locator`` is found on the current page.</doc>
<status status="PASS" start="2025-12-26T09:47:30.006890" elapsed="0.219083"/>
</kw>
<kw name="Page Should Contain Element" owner="SeleniumLibrary">
<msg time="2025-12-26T09:47:30.442463" level="INFO">Current page contains element 'id:lastname'.</msg>
<arg>${LASTNAME_FIELD}</arg>
<doc>Verifies that element ``locator`` is found on the current page.</doc>
<status status="PASS" start="2025-12-26T09:47:30.226622" elapsed="0.216190"/>
</kw>
<kw name="Page Should Contain Element" owner="SeleniumLibrary">
<msg time="2025-12-26T09:47:30.661862" level="INFO">Current page contains element 'id:organization'.</msg>
<arg>${ORGANIZATION_FIELD}</arg>
<doc>Verifies that element ``locator`` is found on the current page.</doc>
<status status="PASS" start="2025-12-26T09:47:30.443456" elapsed="0.218754"/>
</kw>
<kw name="Page Should Contain Element" owner="SeleniumLibrary">
<msg time="2025-12-26T09:47:30.883368" level="INFO">Current page contains element 'id:email'.</msg>
<arg>${EMAIL_FIELD}</arg>
<doc>Verifies that element ``locator`` is found on the current page.</doc>
<status status="PASS" start="2025-12-26T09:47:30.662853" elapsed="0.220859"/>
</kw>
<kw name="Page Should Contain Element" owner="SeleniumLibrary">
<msg time="2025-12-26T09:47:31.103721" level="INFO">Current page contains element 'id:phone'.</msg>
<arg>${PHONE_FIELD}</arg>
<doc>Verifies that element ``locator`` is found on the current page.</doc>
<status status="PASS" start="2025-12-26T09:47:30.884361" elapsed="0.219795"/>
</kw>
<kw name="Page Should Contain Element" owner="SeleniumLibrary">
<msg time="2025-12-26T09:47:31.326878" level="INFO">Current page contains element 'id:registerButton'.</msg>
<arg>${REGISTER_BUTTON}</arg>
<doc>Verifies that element ``locator`` is found on the current page.</doc>
<status status="PASS" start="2025-12-26T09:47:31.104816" elapsed="0.222420"/>
</kw>
<kw name="Location Should Contain" owner="SeleniumLibrary">
<msg time="2025-12-26T09:47:31.541183" level="INFO">Current location contains 'Lab4/Registration.html'.</msg>
<arg>Lab4/Registration.html</arg>
<doc>Verifies that the current URL contains ``expected``.</doc>
<status status="PASS" start="2025-12-26T09:47:31.327869" elapsed="0.213672"/>
</kw>
<kw name="Log" owner="BuiltIn">
<msg time="2025-12-26T09:47:31.543231" level="INFO">Successfully opened Workshop Registration page</msg>
<arg>Successfully opened Workshop Registration page</arg>
<doc>Logs the given message with the given level.</doc>
<status status="PASS" start="2025-12-26T09:47:31.542464" elapsed="0.000882"/>
</kw>
<kw name="Lab4 Test Teardown" owner="lab4_keywords" type="TEARDOWN">
<kw name="Run Keyword If" owner="BuiltIn">
<arg>'${TEST STATUS}' == 'FAIL'</arg>
<arg>Capture Page Screenshot</arg>
<doc>Runs the given keyword with the given arguments, if ``condition`` is true.</doc>
<status status="PASS" start="2025-12-26T09:47:31.544822" elapsed="0.001116"/>
</kw>
<kw name="Run Keyword And Ignore Error" owner="BuiltIn">
<kw name="Go To" owner="SeleniumLibrary">
<msg time="2025-12-26T09:47:31.546730" level="INFO">Opening url 'http://localhost:7272/Lab4/Registration.html'</msg>
<arg>${LAB4_REGISTRATION_URL}</arg>
<doc>Navigates the current browser window to the provided ``url``.</doc>
<status status="PASS" start="2025-12-26T09:47:31.546547" elapsed="0.225739"/>
</kw>
<arg>Go To</arg>
<arg>${LAB4_REGISTRATION_URL}</arg>
<doc>Runs the given keyword with the given arguments and ignores possible error.</doc>
<status status="PASS" start="2025-12-26T09:47:31.546197" elapsed="0.226435"/>
</kw>
<kw name="Sleep" owner="BuiltIn">
<msg time="2025-12-26T09:47:32.775653" level="INFO">Slept 1 second.</msg>
<arg>1s</arg>
<doc>Pauses the test executed for the given time.</doc>
<status status="PASS" start="2025-12-26T09:47:31.773092" elapsed="1.002890"/>
</kw>
<kw name="Run Keyword And Ignore Error" owner="BuiltIn">
<kw name="Clear All Lab4 Form Fields" owner="lab4_keywords">
<kw name="Execute Javascript" owner="SeleniumLibrary">
<msg time="2025-12-26T09:47:32.785772" level="INFO">Executing JavaScript:
try {document.getElementById('firstname').value = '';document.getElementById('lastname').value = '';document.getElementById('organization').value = '';document.getElementById('email').value = '';document.getElementById('phone').value = '';document.getElementById('errors').innerHTML = '';} catch(e) {console.log('Form clearing error: ' + e.message);}
Without any arguments.</msg>
<arg>try {</arg>
<arg>document.getElementById('firstname').value = '';</arg>
<arg>document.getElementById('lastname').value = '';</arg>
<arg>document.getElementById('organization').value = '';</arg>
<arg>document.getElementById('email').value = '';</arg>
<arg>document.getElementById('phone').value = '';</arg>
<arg>document.getElementById('errors').innerHTML = '';</arg>
<arg>} catch(e) {</arg>
<arg>console.log('Form clearing error: ' + e.message);</arg>
<arg>}</arg>
<doc>Executes the given JavaScript code with possible arguments.</doc>
<status status="PASS" start="2025-12-26T09:47:32.777926" elapsed="0.221201"/>
</kw>
<doc>ล้างข้อมูลทุกช่องในฟอร์ม Lab4</doc>
<status status="PASS" start="2025-12-26T09:47:32.777437" elapsed="0.222106"/>
</kw>
<arg>Clear All Lab4 Form Fields</arg>
<doc>Runs the given keyword with the given arguments and ignores possible error.</doc>
<status status="PASS" start="2025-12-26T09:47:32.776460" elapsed="0.223244"/>
</kw>
<doc>Teardown สำหรับแต่ละ test case ของ Lab4</doc>
<status status="PASS" start="2025-12-26T09:47:31.544104" elapsed="1.455745"/>
</kw>
<doc>Test Case 1: เปิดเว็บไซต์ Workshop Registration
Expected Result: แสดงหน้า Workshop Registration

Test Steps:
1. เปิดเว็บไซต์ http://localhost:7272/Lab4/Registration.html

Expected Result:
- แสดงหน้า Workshop Registration
- มีฟอร์มสำหรับกรอกข้อมูล First Name, Last Name, Organization, Email, Phone No.
- มีปุ่ม Register</doc>
<tag>Critical</tag>
<tag>Navigation</tag>
<tag>Positive</tag>
<tag>UAT-Lab04-001</tag>
<status status="PASS" start="2025-12-26T09:47:28.730964" elapsed="4.269178"/>
</test>
<test id="s1-s1-t2" name="UAT-Lab04-001-TC02: Register Success With Organization Info" line="42">
<kw name="Lab4 Test Setup" owner="lab4_keywords" type="SETUP">
<kw name="Navigate To Lab4 Registration Page" owner="lab4_keywords">
<kw name="Go To" owner="SeleniumLibrary">
<msg time="2025-12-26T09:47:33.004707" level="INFO">Opening url 'http://localhost:7272/Lab4/Registration.html'</msg>
<arg>${LAB4_REGISTRATION_URL}</arg>
<doc>Navigates the current browser window to the provided ``url``.</doc>
<status status="PASS" start="2025-12-26T09:47:33.004482" elapsed="0.223496"/>
</kw>
<kw name="Wait Until Page Contains Element" owner="SeleniumLibrary">
<arg>${FIRSTNAME_FIELD}</arg>
<arg>timeout=10s</arg>
<doc>Waits until the element ``locator`` appears on the current page.</doc>
<status status="PASS" start="2025-12-26T09:47:33.228654" elapsed="0.217126"/>
</kw>
<kw name="Page Should Contain" owner="SeleniumLibrary">
<msg time="2025-12-26T09:47:33.871060" level="INFO">Current page contains text 'Workshop Registration'.</msg>
<arg>Workshop Registration</arg>
<doc>Verifies that current page contains ``text``.</doc>
<status status="PASS" start="2025-12-26T09:47:33.446291" elapsed="0.425123"/>
</kw>
<doc>ไปยังหน้า Workshop Registration ของ Lab4</doc>
<status status="PASS" start="2025-12-26T09:47:33.004114" elapsed="0.867585"/>
</kw>
<doc>Setup สำหรับแต่ละ test case ของ Lab4</doc>
<status status="PASS" start="2025-12-26T09:47:33.003653" elapsed="0.868216"/>
</kw>
<kw name="Fill Lab4 Complete Registration Form" owner="lab4_keywords">
<kw name="Clear All Lab4 Form Fields" owner="lab4_keywords">
<kw name="Execute Javascript" owner="SeleniumLibrary">
<msg time="2025-12-26T09:47:33.875239" level="INFO">Executing JavaScript:
try {document.getElementById('firstname').value = '';document.getElementById('lastname').value = '';document.getElementById('organization').value = '';document.getElementById('email').value = '';document.getElementById('phone').value = '';document.getElementById('errors').innerHTML = '';} catch(e) {console.log('Form clearing error: ' + e.message);}
Without any arguments.</msg>
<arg>try {</arg>
<arg>document.getElementById('firstname').value = '';</arg>
<arg>document.getElementById('lastname').value = '';</arg>
<arg>document.getElementById('organization').value = '';</arg>
<arg>document.getElementById('email').value = '';</arg>
<arg>document.getElementById('phone').value = '';</arg>
<arg>document.getElementById('errors').innerHTML = '';</arg>
<arg>} catch(e) {</arg>
<arg>console.log('Form clearing error: ' + e.message);</arg>
<arg>}</arg>
<doc>Executes the given JavaScript code with possible arguments.</doc>
<status status="PASS" start="2025-12-26T09:47:33.874235" elapsed="0.212030"/>
</kw>
<doc>ล้างข้อมูลทุกช่องในฟอร์ม Lab4</doc>
<status status="PASS" start="2025-12-26T09:47:33.873744" elapsed="0.212931"/>
</kw>
<kw name="Fill Lab4 Form Field" owner="lab4_keywords">
<kw name="Wait Until Element Is Visible" owner="SeleniumLibrary">
<arg>${field_locator}</arg>
<arg>timeout=5s</arg>
<doc>Waits until the element ``locator`` is visible.</doc>
<status status="PASS" start="2025-12-26T09:47:34.088104" elapsed="0.434129"/>
</kw>
<kw name="Clear Element Text" owner="SeleniumLibrary">
<arg>${field_locator}</arg>
<doc>Clears the value of the text-input-element identified by ``locator``.</doc>
<status status="PASS" start="2025-12-26T09:47:34.522641" elapsed="0.454696"/>
</kw>
<kw name="Input Text" owner="SeleniumLibrary">
<msg time="2025-12-26T09:47:34.978535" level="INFO">Typing text 'Somyod' into text field 'id:firstname'.</msg>
<arg>${field_locator}</arg>
<arg>${value}</arg>
<doc>Types the given ``text`` into the text field identified by ``locator``.</doc>
<status status="PASS" start="2025-12-26T09:47:34.977865" elapsed="0.718982"/>
</kw>
<arg>${FIRSTNAME_FIELD}</arg>
<arg>${firstname}</arg>
<doc>กรอกข้อมูลในช่องที่กำหนด</doc>
<status status="PASS" start="2025-12-26T09:47:34.087228" elapsed="1.609725"/>
</kw>
<kw name="Fill Lab4 Form Field" owner="lab4_keywords">
<kw name="Wait Until Element Is Visible" owner="SeleniumLibrary">
<arg>${field_locator}</arg>
<arg>timeout=5s</arg>
<doc>Waits until the element ``locator`` is visible.</doc>
<status status="PASS" start="2025-12-26T09:47:35.697354" elapsed="0.418925"/>
</kw>
<kw name="Clear Element Text" owner="SeleniumLibrary">
<arg>${field_locator}</arg>
<doc>Clears the value of the text-input-element identified by ``locator``.</doc>
<status status="PASS" start="2025-12-26T09:47:36.116686" elapsed="0.443359"/>
</kw>
<kw name="Input Text" owner="SeleniumLibrary">
<msg time="2025-12-26T09:47:36.561158" level="INFO">Typing text 'Sodsai' into text field 'id:lastname'.</msg>
<arg>${field_locator}</arg>
<arg>${value}</arg>
<doc>Types the given ``text`` into the text field identified by ``locator``.</doc>
<status status="PASS" start="2025-12-26T09:47:36.560599" elapsed="0.665829"/>
</kw>
<arg>${LASTNAME_FIELD}</arg>
<arg>${lastname}</arg>
<doc>กรอกข้อมูลในช่องที่กำหนด</doc>
<status status="PASS" start="2025-12-26T09:47:35.697108" elapsed="1.529412"/>
</kw>
<kw name="Fill Lab4 Form Field" owner="lab4_keywords">
<kw name="Wait Until Element Is Visible" owner="SeleniumLibrary">
<arg>${field_locator}</arg>
<arg>timeout=5s</arg>
<doc>Waits until the element ``locator`` is visible.</doc>
<status status="PASS" start="2025-12-26T09:47:37.226856" elapsed="0.415681"/>
</kw>
<kw name="Clear Element Text" owner="SeleniumLibrary">
<arg>${field_locator}</arg>
<doc>Clears the value of the text-input-element identified by ``locator``.</doc>
<status status="PASS" start="2025-12-26T09:47:37.642672" elapsed="0.420575"/>
</kw>
<kw name="Input Text" owner="SeleniumLibrary">
<msg time="2025-12-26T09:47:38.063546" level="INFO">Typing text 'CS KKU' into text field 'id:organization'.</msg>
<arg>${field_locator}</arg>
<arg>${value}</arg>
<doc>Types the given ``text`` into the text field identified by ``locator``.</doc>
<status status="PASS" start="2025-12-26T09:47:38.063386" elapsed="0.640088"/>
</kw>
<arg>${ORGANIZATION_FIELD}</arg>
<arg>${organization}</arg>
<doc>กรอกข้อมูลในช่องที่กำหนด</doc>
<status status="PASS" start="2025-12-26T09:47:37.226658" elapsed="1.476906"/>
</kw>
<kw name="Fill Lab4 Form Field" owner="lab4_keywords">
<kw name="Wait Until Element Is Visible" owner="SeleniumLibrary">
<arg>${field_locator}</arg>
<arg>timeout=5s</arg>
<doc>Waits until the element ``locator`` is visible.</doc>
<status status="PASS" start="2025-12-26T09:47:38.703970" elapsed="0.413209"/>
</kw>
<kw name="Clear Element Text" owner="SeleniumLibrary">
<arg>${field_locator}</arg>
<doc>Clears the value of the text-input-element identified by ``locator``.</doc>
<status status="PASS" start="2025-12-26T09:47:39.117394" elapsed="0.441298"/>
</kw>
<kw name="Input Text" owner="SeleniumLibrary">
<msg time="2025-12-26T09:47:39.559008" level="INFO">Typing text 'somyod@kkumail.com' into text field 'id:email'.</msg>
<arg>${field_locator}</arg>
<arg>${value}</arg>
<doc>Types the given ``text`` into the text field identified by ``locator``.</doc>
<status status="PASS" start="2025-12-26T09:47:39.558835" elapsed="0.681296"/>
</kw>
<arg>${EMAIL_FIELD}</arg>
<arg>${email}</arg>
<doc>กรอกข้อมูลในช่องที่กำหนด</doc>
<status status="PASS" start="2025-12-26T09:47:38.703772" elapsed="1.536470"/>
</kw>
<kw name="Fill Lab4 Form Field" owner="lab4_keywords">
<kw name="Wait Until Element Is Visible" owner="SeleniumLibrary">
<arg>${field_locator}</arg>
<arg>timeout=5s</arg>
<doc>Waits until the element ``locator`` is visible.</doc>
<status status="PASS" start="2025-12-26T09:47:40.240659" elapsed="0.417981"/>
</kw>
<kw name="Clear Element Text" owner="SeleniumLibrary">
<arg>${field_locator}</arg>
<doc>Clears the value of the text-input-element identified by ``locator``.</doc>
<status status="PASS" start="2025-12-26T09:47:40.659167" elapsed="0.445315"/>
</kw>
<kw name="Input Text" owner="SeleniumLibrary">
<msg time="2025-12-26T09:47:41.104805" level="INFO">Typing text '091-001-1234' into text field 'id:phone'.</msg>
<arg>${field_locator}</arg>
<arg>${value}</arg>
<doc>Types the given ``text`` into the text field identified by ``locator``.</doc>
<status status="PASS" start="2025-12-26T09:47:41.104635" elapsed="0.671270"/>
</kw>
<arg>${PHONE_FIELD}</arg>
<arg>${phone}</arg>
<doc>กรอกข้อมูลในช่องที่กำหนด</doc>
<status status="PASS" start="2025-12-26T09:47:40.240407" elapsed="1.535920"/>
</kw>
<kw name="Log" owner="BuiltIn">
<msg time="2025-12-26T09:47:41.777609" level="INFO">Filled complete registration form with all fields</msg>
<arg>Filled complete registration form with all fields</arg>
<doc>Logs the given message with the given level.</doc>
<status status="PASS" start="2025-12-26T09:47:41.776788" elapsed="0.001114"/>
</kw>
<arg>firstname=Somyod</arg>
<arg>lastname=Sodsai</arg>
<arg>organization=CS KKU</arg>
<arg>email=somyod@kkumail.com</arg>
<arg>phone=091-001-1234</arg>
<doc>กรอกฟอร์มลงทะเบียน Lab4 แบบครบถ้วน</doc>
<status status="PASS" start="2025-12-26T09:47:33.872648" elapsed="7.905474"/>
</kw>
<kw name="Submit Lab4 Registration Form" owner="lab4_keywords">
<kw name="Click Button" owner="SeleniumLibrary">
<msg time="2025-12-26T09:47:41.779809" level="INFO">Clicking button 'id:registerButton'.</msg>
<arg>${REGISTER_BUTTON}</arg>
<doc>Clicks the button identified by ``locator``.</doc>
<status status="PASS" start="2025-12-26T09:47:41.779341" elapsed="0.687032"/>
</kw>
<kw name="Sleep" owner="BuiltIn">
<msg time="2025-12-26T09:47:44.469133" level="INFO">Slept 2 seconds.</msg>
<arg>2s</arg>
<doc>Pauses the test executed for the given time.</doc>
<status status="PASS" start="2025-12-26T09:47:42.466817" elapsed="2.002693"/>
</kw>
<doc>กดปุ่มลงทะเบียน Lab4</doc>
<status status="PASS" start="2025-12-26T09:47:41.778739" elapsed="2.691048"/>
</kw>
<kw name="Verify Lab4 Success Page" owner="lab4_keywords">
<kw name="Wait Until Location Contains" owner="config">
<kw name="Wait Until Keyword Succeeds" owner="BuiltIn">
<kw name="Location Should Contain" owner="SeleniumLibrary">
<msg time="2025-12-26T09:47:44.685612" level="INFO">Current location contains 'Success.html'.</msg>
<arg>${expected_text}</arg>
<doc>Verifies that the current URL contains ``expected``.</doc>
<status status="PASS" start="2025-12-26T09:47:44.473132" elapsed="0.212735"/>
</kw>
<arg>${timeout}</arg>
<arg>1s</arg>
<arg>Location Should Contain</arg>
<arg>${expected_text}</arg>
<doc>Runs the specified keyword and retries if it fails.</doc>
<status status="PASS" start="2025-12-26T09:47:44.471965" elapsed="0.214075"/>
</kw>
<arg>Success.html</arg>
<arg>timeout=7s</arg>
<doc>รอจนกว่า URL จะมีข้อความที่กำหนด</doc>
<status status="PASS" start="2025-12-26T09:47:44.471295" elapsed="0.214878"/>
</kw>
<kw name="Wait Until Page Contains" owner="SeleniumLibrary">
<arg>Success</arg>
<arg>timeout=5s</arg>
<doc>Waits until ``text`` appears on the current page.</doc>
<status status="PASS" start="2025-12-26T09:47:44.686430" elapsed="0.221839"/>
</kw>
<kw name="Page Should Contain" owner="SeleniumLibrary">
<msg time="2025-12-26T09:47:45.333163" level="INFO">Current page contains text 'Thank you for registering with us.'.</msg>
<arg>Thank you for registering with us.</arg>
<doc>Verifies that current page contains ``text``.</doc>
<status status="PASS" start="2025-12-26T09:47:44.908756" elapsed="0.424684"/>
</kw>
<kw name="Page Should Contain" owner="SeleniumLibrary">
<msg time="2025-12-26T09:47:45.760279" level="INFO">Current page contains text 'We will send a confirmation to your email soon.'.</msg>
<arg>We will send a confirmation to your email soon.</arg>
<doc>Verifies that current page contains ``text``.</doc>
<status status="PASS" start="2025-12-26T09:47:45.333789" elapsed="0.426813"/>
</kw>
<kw name="Title Should Be" owner="SeleniumLibrary">
<msg time="2025-12-26T09:47:45.974875" level="INFO">Page title is 'Success'.</msg>
<arg>Success</arg>
<doc>Verifies that the current page title equals ``title``.</doc>
<status status="PASS" start="2025-12-26T09:47:45.761058" elapsed="0.213925"/>
</kw>
<kw name="Log" owner="BuiltIn">
<msg time="2025-12-26T09:47:45.975307" level="INFO">Lab4 Success page verified successfully</msg>
<arg>Lab4 Success page verified successfully</arg>
<doc>Logs the given message with the given level.</doc>
<status status="PASS" start="2025-12-26T09:47:45.975119" elapsed="0.000213"/>
</kw>
<doc>ตรวจสอบหน้า Success ของ Lab4</doc>
<status status="PASS" start="2025-12-26T09:47:44.470541" elapsed="1.504829"/>
</kw>
<kw name="Log" owner="BuiltIn">
<msg time="2025-12-26T09:47:45.975540" level="INFO">TC02 PASSED: Registration successful with organization info</msg>
<arg>TC02 PASSED: Registration successful with organization info</arg>
<doc>Logs the given message with the given level.</doc>
<status status="PASS" start="2025-12-26T09:47:45.975455" elapsed="0.000104"/>
</kw>
<kw name="Lab4 Test Teardown" owner="lab4_keywords" type="TEARDOWN">
<kw name="Run Keyword If" owner="BuiltIn">
<arg>'${TEST STATUS}' == 'FAIL'</arg>
<arg>Capture Page Screenshot</arg>
<doc>Runs the given keyword with the given arguments, if ``condition`` is true.</doc>
<status status="PASS" start="2025-12-26T09:47:45.975842" elapsed="0.000177"/>
</kw>
<kw name="Run Keyword And Ignore Error" owner="BuiltIn">
<kw name="Go To" owner="SeleniumLibrary">
<msg time="2025-12-26T09:47:45.976240" level="INFO">Opening url 'http://localhost:7272/Lab4/Registration.html'</msg>
<arg>${LAB4_REGISTRATION_URL}</arg>
<doc>Navigates the current browser window to the provided ``url``.</doc>
<status status="PASS" start="2025-12-26T09:47:45.976181" elapsed="0.211840"/>
</kw>
<arg>Go To</arg>
<arg>${LAB4_REGISTRATION_URL}</arg>
<doc>Runs the given keyword with the given arguments and ignores possible error.</doc>
<status status="PASS" start="2025-12-26T09:47:45.976069" elapsed="0.212124"/>
</kw>
<kw name="Sleep" owner="BuiltIn">
<msg time="2025-12-26T09:47:47.191166" level="INFO">Slept 1 second.</msg>
<arg>1s</arg>
<doc>Pauses the test executed for the given time.</doc>
<status status="PASS" start="2025-12-26T09:47:46.188322" elapsed="1.003174"/>
</kw>
<kw name="Run Keyword And Ignore Error" owner="BuiltIn">
<kw name="Clear All Lab4 Form Fields" owner="lab4_keywords">
<kw name="Execute Javascript" owner="SeleniumLibrary">
<msg time="2025-12-26T09:47:47.194896" level="INFO">Executing JavaScript:
try {document.getElementById('firstname').value = '';document.getElementById('lastname').value = '';document.getElementById('organization').value = '';document.getElementById('email').value = '';document.getElementById('phone').value = '';document.getElementById('errors').innerHTML = '';} catch(e) {console.log('Form clearing error: ' + e.message);}
Without any arguments.</msg>
<arg>try {</arg>
<arg>document.getElementById('firstname').value = '';</arg>
<arg>document.getElementById('lastname').value = '';</arg>
<arg>document.getElementById('organization').value = '';</arg>
<arg>document.getElementById('email').value = '';</arg>
<arg>document.getElementById('phone').value = '';</arg>
<arg>document.getElementById('errors').innerHTML = '';</arg>
<arg>} catch(e) {</arg>
<arg>console.log('Form clearing error: ' + e.message);</arg>
<arg>}</arg>
<doc>Executes the given JavaScript code with possible arguments.</doc>
<status status="PASS" start="2025-12-26T09:47:47.193846" elapsed="0.212005"/>
</kw>
<doc>ล้างข้อมูลทุกช่องในฟอร์ม Lab4</doc>
<status status="PASS" start="2025-12-26T09:47:47.193198" elapsed="0.212822"/>
</kw>
<arg>Clear All Lab4 Form Fields</arg>
<doc>Runs the given keyword with the given arguments and ignores possible error.</doc>
<status status="PASS" start="2025-12-26T09:47:47.191964" elapsed="0.214115"/>
</kw>
<doc>Teardown สำหรับแต่ละ test case ของ Lab4</doc>
<status status="PASS" start="2025-12-26T09:47:45.975711" elapsed="1.430419"/>
</kw>
<doc>Test Case 2: ลงทะเบียนสำเร็จพร้อมข้อมูลองค์กร
Expected Result: แสดงหน้า Success.html

Test Steps:
1. กรอกข้อมูลที่ช่อง First Name = "Somyod"
2. กรอกข้อมูลที่ช่อง Last Name = "Sodsai"
3. กรอกข้อมูลที่ช่อง Organization = "CS KKU"
4. กรอกข้อมูลที่ช่อง Email = "somyod@kkumail.com"
5. กรอกข้อมูลที่ช่อง Phone No. = "091-001-1234"
6. กดปุ่ม "Register"

Expected Result:
- แสดงหน้า Success.html
- Title เป็น "Success"
- แสดงข้อความ "Thank you for registering with us."
- แสดงข้อความ "We will send a confirmation to your email soon."</doc>
<tag>Critical</tag>
<tag>Positive</tag>
<tag>Success</tag>
<tag>UAT-Lab04-001</tag>
<status status="PASS" start="2025-12-26T09:47:33.001537" elapsed="14.404713"/>
</test>
<test id="s1-s1-t3" name="UAT-Lab04-001-TC03: Register Success Without Organization Info" line="75">
<kw name="Lab4 Test Setup" owner="lab4_keywords" type="SETUP">
<kw name="Navigate To Lab4 Registration Page" owner="lab4_keywords">
<kw name="Go To" owner="SeleniumLibrary">
<msg time="2025-12-26T09:47:47.408312" level="INFO">Opening url 'http://localhost:7272/Lab4/Registration.html'</msg>
<arg>${LAB4_REGISTRATION_URL}</arg>
<doc>Navigates the current browser window to the provided ``url``.</doc>
<status status="PASS" start="2025-12-26T09:47:47.408167" elapsed="0.218685"/>
</kw>
<kw name="Wait Until Page Contains Element" owner="SeleniumLibrary">
<arg>${FIRSTNAME_FIELD}</arg>
<arg>timeout=10s</arg>
<doc>Waits until the element ``locator`` appears on the current page.</doc>
<status status="PASS" start="2025-12-26T09:47:47.626989" elapsed="0.208829"/>
</kw>
<kw name="Page Should Contain" owner="SeleniumLibrary">
<msg time="2025-12-26T09:47:48.260700" level="INFO">Current page contains text 'Workshop Registration'.</msg>
<arg>Workshop Registration</arg>
<doc>Verifies that current page contains ``text``.</doc>
<status status="PASS" start="2025-12-26T09:47:47.836385" elapsed="0.424584"/>
</kw>
<doc>ไปยังหน้า Workshop Registration ของ Lab4</doc>
<status status="PASS" start="2025-12-26T09:47:47.407997" elapsed="0.853156"/>
</kw>
<doc>Setup สำหรับแต่ละ test case ของ Lab4</doc>
<status status="PASS" start="2025-12-26T09:47:47.407737" elapsed="0.853500"/>
</kw>
<kw name="Fill Lab4 Registration Form Without Organization" owner="lab4_keywords">
<kw name="Clear All Lab4 Form Fields" owner="lab4_keywords">
<kw name="Execute Javascript" owner="SeleniumLibrary">
<msg time="2025-12-26T09:47:48.263135" level="INFO">Executing JavaScript:
try {document.getElementById('firstname').value = '';document.getElementById('lastname').value = '';document.getElementById('organization').value = '';document.getElementById('email').value = '';document.getElementById('phone').value = '';document.getElementById('errors').innerHTML = '';} catch(e) {console.log('Form clearing error: ' + e.message);}
Without any arguments.</msg>
<arg>try {</arg>
<arg>document.getElementById('firstname').value = '';</arg>
<arg>document.getElementById('lastname').value = '';</arg>
<arg>document.getElementById('organization').value = '';</arg>
<arg>document.getElementById('email').value = '';</arg>
<arg>document.getElementById('phone').value = '';</arg>
<arg>document.getElementById('errors').innerHTML = '';</arg>
<arg>} catch(e) {</arg>
<arg>console.log('Form clearing error: ' + e.message);</arg>
<arg>}</arg>
<doc>Executes the given JavaScript code with possible arguments.</doc>
<status status="PASS" start="2025-12-26T09:47:48.262535" elapsed="0.211484"/>
</kw>
<doc>ล้างข้อมูลทุกช่องในฟอร์ม Lab4</doc>
<status status="PASS" start="2025-12-26T09:47:48.262298" elapsed="0.211991"/>
</kw>
<kw name="Fill Lab4 Form Field" owner="lab4_keywords">
<kw name="Wait Until Element Is Visible" owner="SeleniumLibrary">
<arg>${field_locator}</arg>
<arg>timeout=5s</arg>
<doc>Waits until the element ``locator`` is visible.</doc>
<status status="PASS" start="2025-12-26T09:47:48.475146" elapsed="0.425535"/>
</kw>
<kw name="Clear Element Text" owner="SeleniumLibrary">
<arg>${field_locator}</arg>
<doc>Clears the value of the text-input-element identified by ``locator``.</doc>
<status status="PASS" start="2025-12-26T09:47:48.901218" elapsed="0.446475"/>
</kw>
<kw name="Input Text" owner="SeleniumLibrary">
<msg time="2025-12-26T09:47:49.348217" level="INFO">Typing text 'Somyod' into text field 'id:firstname'.</msg>
<arg>${field_locator}</arg>
<arg>${value}</arg>
<doc>Types the given ``text`` into the text field identified by ``locator``.</doc>
<status status="PASS" start="2025-12-26T09:47:49.347965" elapsed="0.870441"/>
</kw>
<arg>${FIRSTNAME_FIELD}</arg>
<arg>${firstname}</arg>
<doc>กรอกข้อมูลในช่องที่กำหนด</doc>
<status status="PASS" start="2025-12-26T09:47:48.474653" elapsed="1.744098"/>
</kw>
<kw name="Fill Lab4 Form Field" owner="lab4_keywords">
<kw name="Wait Until Element Is Visible" owner="SeleniumLibrary">
<arg>${field_locator}</arg>
<arg>timeout=5s</arg>
<doc>Waits until the element ``locator`` is visible.</doc>
<status status="PASS" start="2025-12-26T09:47:50.221312" elapsed="0.423739"/>
</kw>
<kw name="Clear Element Text" owner="SeleniumLibrary">
<arg>${field_locator}</arg>
<doc>Clears the value of the text-input-element identified by ``locator``.</doc>
<status status="PASS" start="2025-12-26T09:47:50.645878" elapsed="0.443813"/>
</kw>
<kw name="Input Text" owner="SeleniumLibrary">
<msg time="2025-12-26T09:47:51.090686" level="INFO">Typing text 'Sodsai' into text field 'id:lastname'.</msg>
<arg>${field_locator}</arg>
<arg>${value}</arg>
<doc>Types the given ``text`` into the text field identified by ``locator``.</doc>
<status status="PASS" start="2025-12-26T09:47:51.090112" elapsed="0.697500"/>
</kw>
<arg>${LASTNAME_FIELD}</arg>
<arg>${lastname}</arg>
<doc>กรอกข้อมูลในช่องที่กำหนด</doc>
<status status="PASS" start="2025-12-26T09:47:50.219876" elapsed="1.567830"/>
</kw>
<kw name="Fill Lab4 Form Field" owner="lab4_keywords">
<kw name="Wait Until Element Is Visible" owner="SeleniumLibrary">
<arg>${field_locator}</arg>
<arg>timeout=5s</arg>
<doc>Waits until the element ``locator`` is visible.</doc>
<status status="PASS" start="2025-12-26T09:47:51.788017" elapsed="0.726740"/>
</kw>
<kw name="Clear Element Text" owner="SeleniumLibrary">
<arg>${field_locator}</arg>
<doc>Clears the value of the text-input-element identified by ``locator``.</doc>
<status status="PASS" start="2025-12-26T09:47:52.515565" elapsed="0.442609"/>
</kw>
<kw name="Input Text" owner="SeleniumLibrary">
<msg time="2025-12-26T09:47:52.959473" level="INFO">Typing text 'somyod@kkumail.com' into text field 'id:email'.</msg>
<arg>${field_locator}</arg>
<arg>${value}</arg>
<doc>Types the given ``text`` into the text field identified by ``locator``.</doc>
<status status="PASS" start="2025-12-26T09:47:52.958726" elapsed="0.685233"/>
</kw>
<arg>${EMAIL_FIELD}</arg>
<arg>${email}</arg>
<doc>กรอกข้อมูลในช่องที่กำหนด</doc>
<status status="PASS" start="2025-12-26T09:47:51.787839" elapsed="1.856482"/>
</kw>
<kw name="Fill Lab4 Form Field" owner="lab4_keywords">
<kw name="Wait Until Element Is Visible" owner="SeleniumLibrary">
<arg>${field_locator}</arg>
<arg>timeout=5s</arg>
<doc>Waits until the element ``locator`` is visible.</doc>
<status status="PASS" start="2025-12-26T09:47:53.645774" elapsed="0.429241"/>
</kw>
<kw name="Clear Element Text" owner="SeleniumLibrary">
<arg>${field_locator}</arg>
<doc>Clears the value of the text-input-element identified by ``locator``.</doc>
<status status="PASS" start="2025-12-26T09:47:54.075600" elapsed="0.437259"/>
</kw>
<kw name="Input Text" owner="SeleniumLibrary">
<msg time="2025-12-26T09:47:54.514118" level="INFO">Typing text '091-001-1234' into text field 'id:phone'.</msg>
<arg>${field_locator}</arg>
<arg>${value}</arg>
<doc>Types the given ``text`` into the text field identified by ``locator``.</doc>
<status status="PASS" start="2025-12-26T09:47:54.513400" elapsed="0.680421"/>
</kw>
<arg>${PHONE_FIELD}</arg>
<arg>${phone}</arg>
<doc>กรอกข้อมูลในช่องที่กำหนด</doc>
<status status="PASS" start="2025-12-26T09:47:53.644878" elapsed="1.549410"/>
</kw>
<kw name="Log" owner="BuiltIn">
<msg time="2025-12-26T09:47:55.195415" level="INFO">Filled registration form without organization</msg>
<arg>Filled registration form without organization</arg>
<doc>Logs the given message with the given level.</doc>
<status status="PASS" start="2025-12-26T09:47:55.194684" elapsed="0.000856"/>
</kw>
<arg>firstname=Somyod</arg>
<arg>lastname=Sodsai</arg>
<arg>email=somyod@kkumail.com</arg>
<arg>phone=091-001-1234</arg>
<doc>กรอกฟอร์มลงทะเบียน Lab4 โดยไม่มีองค์กร</doc>
<status status="PASS" start="2025-12-26T09:47:48.261742" elapsed="6.933956"/>
</kw>
<kw name="Submit Lab4 Registration Form" owner="lab4_keywords">
<kw name="Click Button" owner="SeleniumLibrary">
<msg time="2025-12-26T09:47:55.197139" level="INFO">Clicking button 'id:registerButton'.</msg>
<arg>${REGISTER_BUTTON}</arg>
<doc>Clicks the button identified by ``locator``.</doc>
<status status="PASS" start="2025-12-26T09:47:55.196821" elapsed="0.674564"/>
</kw>
<kw name="Sleep" owner="BuiltIn">
<msg time="2025-12-26T09:47:57.873475" level="INFO">Slept 2 seconds.</msg>
<arg>2s</arg>
<doc>Pauses the test executed for the given time.</doc>
<status status="PASS" start="2025-12-26T09:47:55.871791" elapsed="2.002021"/>
</kw>
<doc>กดปุ่มลงทะเบียน Lab4</doc>
<status status="PASS" start="2025-12-26T09:47:55.196163" elapsed="2.677898"/>
</kw>
<kw name="Verify Lab4 Success Page" owner="lab4_keywords">
<kw name="Wait Until Location Contains" owner="config">
<kw name="Wait Until Keyword Succeeds" owner="BuiltIn">
<kw name="Location Should Contain" owner="SeleniumLibrary">
<msg time="2025-12-26T09:47:58.083120" level="INFO">Current location contains 'Success.html'.</msg>
<arg>${expected_text}</arg>
<doc>Verifies that the current URL contains ``expected``.</doc>
<status status="PASS" start="2025-12-26T09:47:57.876665" elapsed="0.206831"/>
</kw>
<arg>${timeout}</arg>
<arg>1s</arg>
<arg>Location Should Contain</arg>
<arg>${expected_text}</arg>
<doc>Runs the specified keyword and retries if it fails.</doc>
<status status="PASS" start="2025-12-26T09:47:57.875924" elapsed="0.207773"/>
</kw>
<arg>Success.html</arg>
<arg>timeout=7s</arg>
<doc>รอจนกว่า URL จะมีข้อความที่กำหนด</doc>
<status status="PASS" start="2025-12-26T09:47:57.875321" elapsed="0.208512"/>
</kw>
<kw name="Wait Until Page Contains" owner="SeleniumLibrary">
<arg>Success</arg>
<arg>timeout=5s</arg>
<doc>Waits until ``text`` appears on the current page.</doc>
<status status="PASS" start="2025-12-26T09:47:58.084091" elapsed="0.213617"/>
</kw>
<kw name="Page Should Contain" owner="SeleniumLibrary">
<msg time="2025-12-26T09:47:58.725929" level="INFO">Current page contains text 'Thank you for registering with us.'.</msg>
<arg>Thank you for registering with us.</arg>
<doc>Verifies that current page contains ``text``.</doc>
<status status="PASS" start="2025-12-26T09:47:58.298139" elapsed="0.428139"/>
</kw>
<kw name="Page Should Contain" owner="SeleniumLibrary">
<msg time="2025-12-26T09:47:59.153016" level="INFO">Current page contains text 'We will send a confirmation to your email soon.'.</msg>
<arg>We will send a confirmation to your email soon.</arg>
<doc>Verifies that current page contains ``text``.</doc>
<status status="PASS" start="2025-12-26T09:47:58.726743" elapsed="0.426940"/>
</kw>
<kw name="Title Should Be" owner="SeleniumLibrary">
<msg time="2025-12-26T09:47:59.368413" level="INFO">Page title is 'Success'.</msg>
<arg>Success</arg>
<doc>Verifies that the current page title equals ``title``.</doc>
<status status="PASS" start="2025-12-26T09:47:59.154197" elapsed="0.214573"/>
</kw>
<kw name="Log" owner="BuiltIn">
<msg time="2025-12-26T09:47:59.370043" level="INFO">Lab4 Success page verified successfully</msg>
<arg>Lab4 Success page verified successfully</arg>
<doc>Logs the given message with the given level.</doc>
<status status="PASS" start="2025-12-26T09:47:59.369267" elapsed="0.000901"/>
</kw>
<doc>ตรวจสอบหน้า Success ของ Lab4</doc>
<status status="PASS" start="2025-12-26T09:47:57.874703" elapsed="1.495654"/>
</kw>
<kw name="Log" owner="BuiltIn">
<msg time="2025-12-26T09:47:59.371310" level="INFO">TC03 PASSED: Registration successful without organization info</msg>
<arg>TC03 PASSED: Registration successful without organization info</arg>
<doc>Logs the given message with the given level.</doc>
<status status="PASS" start="2025-12-26T09:47:59.370795" elapsed="0.000618"/>
</kw>
<kw name="Lab4 Test Teardown" owner="lab4_keywords" type="TEARDOWN">
<kw name="Run Keyword If" owner="BuiltIn">
<arg>'${TEST STATUS}' == 'FAIL'</arg>
<arg>Capture Page Screenshot</arg>
<doc>Runs the given keyword with the given arguments, if ``condition`` is true.</doc>
<status status="PASS" start="2025-12-26T09:47:59.372396" elapsed="0.000459"/>
</kw>
<kw name="Run Keyword And Ignore Error" owner="BuiltIn">
<kw name="Go To" owner="SeleniumLibrary">
<msg time="2025-12-26T09:47:59.373468" level="INFO">Opening url 'http://localhost:7272/Lab4/Registration.html'</msg>
<arg>${LAB4_REGISTRATION_URL}</arg>
<doc>Navigates the current browser window to the provided ``url``.</doc>
<status status="PASS" start="2025-12-26T09:47:59.373307" elapsed="0.230998"/>
</kw>
<arg>Go To</arg>
<arg>${LAB4_REGISTRATION_URL}</arg>
<doc>Runs the given keyword with the given arguments and ignores possible error.</doc>
<status status="PASS" start="2025-12-26T09:47:59.372999" elapsed="0.231598"/>
</kw>
<kw name="Sleep" owner="BuiltIn">
<msg time="2025-12-26T09:48:00.607793" level="INFO">Slept 1 second.</msg>
<arg>1s</arg>
<doc>Pauses the test executed for the given time.</doc>
<status status="PASS" start="2025-12-26T09:47:59.604954" elapsed="1.003168"/>
</kw>
<kw name="Run Keyword And Ignore Error" owner="BuiltIn">
<kw name="Clear All Lab4 Form Fields" owner="lab4_keywords">
<kw name="Execute Javascript" owner="SeleniumLibrary">
<msg time="2025-12-26T09:48:00.610973" level="INFO">Executing JavaScript:
try {document.getElementById('firstname').value = '';document.getElementById('lastname').value = '';document.getElementById('organization').value = '';document.getElementById('email').value = '';document.getElementById('phone').value = '';document.getElementById('errors').innerHTML = '';} catch(e) {console.log('Form clearing error: ' + e.message);}
Without any arguments.</msg>
<arg>try {</arg>
<arg>document.getElementById('firstname').value = '';</arg>
<arg>document.getElementById('lastname').value = '';</arg>
<arg>document.getElementById('organization').value = '';</arg>
<arg>document.getElementById('email').value = '';</arg>
<arg>document.getElementById('phone').value = '';</arg>
<arg>document.getElementById('errors').innerHTML = '';</arg>
<arg>} catch(e) {</arg>
<arg>console.log('Form clearing error: ' + e.message);</arg>
<arg>}</arg>
<doc>Executes the given JavaScript code with possible arguments.</doc>
<status status="PASS" start="2025-12-26T09:48:00.610038" elapsed="0.212015"/>
</kw>
<doc>ล้างข้อมูลทุกช่องในฟอร์ม Lab4</doc>
<status status="PASS" start="2025-12-26T09:48:00.609467" elapsed="0.213015"/>
</kw>
<arg>Clear All Lab4 Form Fields</arg>
<doc>Runs the given keyword with the given arguments and ignores possible error.</doc>
<status status="PASS" start="2025-12-26T09:48:00.608564" elapsed="0.214070"/>
</kw>
<doc>Teardown สำหรับแต่ละ test case ของ Lab4</doc>
<status status="PASS" start="2025-12-26T09:47:59.372017" elapsed="1.450757"/>
</kw>
<doc>Test Case 3: ลงทะเบียนสำเร็จโดยไม่มีข้อมูลองค์กร
Expected Result: แสดงหน้า Success.html

Test Steps:
1. กรอกข้อมูลที่ช่อง First Name = "Somyod"
2. กรอกข้อมูลที่ช่อง Last Name = "Sodsai"
3. กรอกข้อมูลที่ช่อง Email = "somyod@kkumail.com"
4. กรอกข้อมูลที่ช่อง Phone No. = "091-001-1234"
5. กดปุ่ม "Register"

Expected Result:
- แสดงหน้า Success.html
- Title เป็น "Success"
- แสดงข้อความ "Thank you for registering with us."
- แสดงข้อความ "We will send a confirmation to your email soon."</doc>
<tag>Critical</tag>
<tag>Positive</tag>
<tag>Success</tag>
<tag>UAT-Lab04-001</tag>
<status status="PASS" start="2025-12-26T09:47:47.406595" elapsed="13.416468"/>
</test>
<test id="s1-s1-t4" name="UAT-Lab04-001-TC04: Valid Phone Format With Dash" line="106">
<kw name="Lab4 Test Setup" owner="lab4_keywords" type="SETUP">
<kw name="Navigate To Lab4 Registration Page" owner="lab4_keywords">
<kw name="Go To" owner="SeleniumLibrary">
<msg time="2025-12-26T09:48:00.827097" level="INFO">Opening url 'http://localhost:7272/Lab4/Registration.html'</msg>
<arg>${LAB4_REGISTRATION_URL}</arg>
<doc>Navigates the current browser window to the provided ``url``.</doc>
<status status="PASS" start="2025-12-26T09:48:00.826921" elapsed="0.217589"/>
</kw>
<kw name="Wait Until Page Contains Element" owner="SeleniumLibrary">
<arg>${FIRSTNAME_FIELD}</arg>
<arg>timeout=10s</arg>
<doc>Waits until the element ``locator`` appears on the current page.</doc>
<status status="PASS" start="2025-12-26T09:48:01.045096" elapsed="0.214485"/>
</kw>
<kw name="Page Should Contain" owner="SeleniumLibrary">
<msg time="2025-12-26T09:48:01.686727" level="INFO">Current page contains text 'Workshop Registration'.</msg>
<arg>Workshop Registration</arg>
<doc>Verifies that current page contains ``text``.</doc>
<status status="PASS" start="2025-12-26T09:48:01.260151" elapsed="0.426922"/>
</kw>
<doc>ไปยังหน้า Workshop Registration ของ Lab4</doc>
<status status="PASS" start="2025-12-26T09:48:00.826697" elapsed="0.860654"/>
</kw>
<doc>Setup สำหรับแต่ละ test case ของ Lab4</doc>
<status status="PASS" start="2025-12-26T09:48:00.826354" elapsed="0.861143"/>
</kw>
<kw name="Fill Lab4 Complete Registration Form" owner="lab4_keywords">
<kw name="Clear All Lab4 Form Fields" owner="lab4_keywords">
<kw name="Execute Javascript" owner="SeleniumLibrary">
<msg time="2025-12-26T09:48:01.690098" level="INFO">Executing JavaScript:
try {document.getElementById('firstname').value = '';document.getElementById('lastname').value = '';document.getElementById('organization').value = '';document.getElementById('email').value = '';document.getElementById('phone').value = '';document.getElementById('errors').innerHTML = '';} catch(e) {console.log('Form clearing error: ' + e.message);}
Without any arguments.</msg>
<arg>try {</arg>
<arg>document.getElementById('firstname').value = '';</arg>
<arg>document.getElementById('lastname').value = '';</arg>
<arg>document.getElementById('organization').value = '';</arg>
<arg>document.getElementById('email').value = '';</arg>
<arg>document.getElementById('phone').value = '';</arg>
<arg>document.getElementById('errors').innerHTML = '';</arg>
<arg>} catch(e) {</arg>
<arg>console.log('Form clearing error: ' + e.message);</arg>
<arg>}</arg>
<doc>Executes the given JavaScript code with possible arguments.</doc>
<status status="PASS" start="2025-12-26T09:48:01.689415" elapsed="0.213122"/>
</kw>
<doc>ล้างข้อมูลทุกช่องในฟอร์ม Lab4</doc>
<status status="PASS" start="2025-12-26T09:48:01.689127" elapsed="0.213846"/>
</kw>
<kw name="Fill Lab4 Form Field" owner="lab4_keywords">
<kw name="Wait Until Element Is Visible" owner="SeleniumLibrary">
<arg>${field_locator}</arg>
<arg>timeout=5s</arg>
<doc>Waits until the element ``locator`` is visible.</doc>
<status status="PASS" start="2025-12-26T09:48:01.904435" elapsed="0.429744"/>
</kw>
<kw name="Clear Element Text" owner="SeleniumLibrary">
<arg>${field_locator}</arg>
<doc>Clears the value of the text-input-element identified by ``locator``.</doc>
<status status="PASS" start="2025-12-26T09:48:02.334724" elapsed="0.442602"/>
</kw>
<kw name="Input Text" owner="SeleniumLibrary">
<msg time="2025-12-26T09:48:02.778480" level="INFO">Typing text 'Somyod' into text field 'id:firstname'.</msg>
<arg>${field_locator}</arg>
<arg>${value}</arg>
<doc>Types the given ``text`` into the text field identified by ``locator``.</doc>
<status status="PASS" start="2025-12-26T09:48:02.777842" elapsed="0.675664"/>
</kw>
<arg>${FIRSTNAME_FIELD}</arg>
<arg>${firstname}</arg>
<doc>กรอกข้อมูลในช่องที่กำหนด</doc>
<status status="PASS" start="2025-12-26T09:48:01.903546" elapsed="1.550277"/>
</kw>
<kw name="Fill Lab4 Form Field" owner="lab4_keywords">
<kw name="Wait Until Element Is Visible" owner="SeleniumLibrary">
<arg>${field_locator}</arg>
<arg>timeout=5s</arg>
<doc>Waits until the element ``locator`` is visible.</doc>
<status status="PASS" start="2025-12-26T09:48:03.455152" elapsed="0.427194"/>
</kw>
<kw name="Clear Element Text" owner="SeleniumLibrary">
<arg>${field_locator}</arg>
<doc>Clears the value of the text-input-element identified by ``locator``.</doc>
<status status="PASS" start="2025-12-26T09:48:03.882883" elapsed="0.444729"/>
</kw>
<kw name="Input Text" owner="SeleniumLibrary">
<msg time="2025-12-26T09:48:04.328750" level="INFO">Typing text 'Sodsai' into text field 'id:lastname'.</msg>
<arg>${field_locator}</arg>
<arg>${value}</arg>
<doc>Types the given ``text`` into the text field identified by ``locator``.</doc>
<status status="PASS" start="2025-12-26T09:48:04.328103" elapsed="0.682839"/>
</kw>
<arg>${LASTNAME_FIELD}</arg>
<arg>${lastname}</arg>
<doc>กรอกข้อมูลในช่องที่กำหนด</doc>
<status status="PASS" start="2025-12-26T09:48:03.454325" elapsed="1.556994"/>
</kw>
<kw name="Fill Lab4 Form Field" owner="lab4_keywords">
<kw name="Wait Until Element Is Visible" owner="SeleniumLibrary">
<arg>${field_locator}</arg>
<arg>timeout=5s</arg>
<doc>Waits until the element ``locator`` is visible.</doc>
<status status="PASS" start="2025-12-26T09:48:05.012738" elapsed="0.428127"/>
</kw>
<kw name="Clear Element Text" owner="SeleniumLibrary">
<arg>${field_locator}</arg>
<doc>Clears the value of the text-input-element identified by ``locator``.</doc>
<status status="PASS" start="2025-12-26T09:48:05.441470" elapsed="0.438934"/>
</kw>
<kw name="Input Text" owner="SeleniumLibrary">
<msg time="2025-12-26T09:48:05.881927" level="INFO">Typing text 'CS KKU' into text field 'id:organization'.</msg>
<arg>${field_locator}</arg>
<arg>${value}</arg>
<doc>Types the given ``text`` into the text field identified by ``locator``.</doc>
<status status="PASS" start="2025-12-26T09:48:05.881209" elapsed="0.684183"/>
</kw>
<arg>${ORGANIZATION_FIELD}</arg>
<arg>${organization}</arg>
<doc>กรอกข้อมูลในช่องที่กำหนด</doc>
<status status="PASS" start="2025-12-26T09:48:05.011869" elapsed="1.553885"/>
</kw>
<kw name="Fill Lab4 Form Field" owner="lab4_keywords">
<kw name="Wait Until Element Is Visible" owner="SeleniumLibrary">
<arg>${field_locator}</arg>
<arg>timeout=5s</arg>
<doc>Waits until the element ``locator`` is visible.</doc>
<status status="PASS" start="2025-12-26T09:48:06.567245" elapsed="0.426983"/>
</kw>
<kw name="Clear Element Text" owner="SeleniumLibrary">
<arg>${field_locator}</arg>
<doc>Clears the value of the text-input-element identified by ``locator``.</doc>
<status status="PASS" start="2025-12-26T09:48:06.994755" elapsed="0.437532"/>
</kw>
<kw name="Input Text" owner="SeleniumLibrary">
<msg time="2025-12-26T09:48:07.433466" level="INFO">Typing text 'somyod@kkumail.com' into text field 'id:email'.</msg>
<arg>${field_locator}</arg>
<arg>${value}</arg>
<doc>Types the given ``text`` into the text field identified by ``locator``.</doc>
<status status="PASS" start="2025-12-26T09:48:07.432802" elapsed="0.690338"/>
</kw>
<arg>${EMAIL_FIELD}</arg>
<arg>${email}</arg>
<doc>กรอกข้อมูลในช่องที่กำหนด</doc>
<status status="PASS" start="2025-12-26T09:48:06.566308" elapsed="1.557215"/>
</kw>
<kw name="Fill Lab4 Form Field" owner="lab4_keywords">
<kw name="Wait Until Element Is Visible" owner="SeleniumLibrary">
<arg>${field_locator}</arg>
<arg>timeout=5s</arg>
<doc>Waits until the element ``locator`` is visible.</doc>
<status status="PASS" start="2025-12-26T09:48:08.124981" elapsed="0.428433"/>
</kw>
<kw name="Clear Element Text" owner="SeleniumLibrary">
<arg>${field_locator}</arg>
<doc>Clears the value of the text-input-element identified by ``locator``.</doc>
<status status="PASS" start="2025-12-26T09:48:08.553981" elapsed="0.438383"/>
</kw>
<kw name="Input Text" owner="SeleniumLibrary">
<msg time="2025-12-26T09:48:08.993542" level="INFO">Typing text '091-001-1234' into text field 'id:phone'.</msg>
<arg>${field_locator}</arg>
<arg>${value}</arg>
<doc>Types the given ``text`` into the text field identified by ``locator``.</doc>
<status status="PASS" start="2025-12-26T09:48:08.992879" elapsed="0.685885"/>
</kw>
<arg>${PHONE_FIELD}</arg>
<arg>${phone}</arg>
<doc>กรอกข้อมูลในช่องที่กำหนด</doc>
<status status="PASS" start="2025-12-26T09:48:08.124096" elapsed="1.555026"/>
</kw>
<kw name="Log" owner="BuiltIn">
<msg time="2025-12-26T09:48:09.680251" level="INFO">Filled complete registration form with all fields</msg>
<arg>Filled complete registration form with all fields</arg>
<doc>Logs the given message with the given level.</doc>
<status status="PASS" start="2025-12-26T09:48:09.679512" elapsed="0.000861"/>
</kw>
<arg>phone=091-001-1234</arg>
<doc>กรอกฟอร์มลงทะเบียน Lab4 แบบครบถ้วน</doc>
<status status="PASS" start="2025-12-26T09:48:01.688230" elapsed="7.992298"/>
</kw>
<kw name="Submit Lab4 Registration Form" owner="lab4_keywords">
<kw name="Click Button" owner="SeleniumLibrary">
<msg time="2025-12-26T09:48:09.681649" level="INFO">Clicking button 'id:registerButton'.</msg>
<arg>${REGISTER_BUTTON}</arg>
<doc>Clicks the button identified by ``locator``.</doc>
<status status="PASS" start="2025-12-26T09:48:09.681367" elapsed="0.677091"/>
</kw>
<kw name="Sleep" owner="BuiltIn">
<msg time="2025-12-26T09:48:12.361611" level="INFO">Slept 2 seconds.</msg>
<arg>2s</arg>
<doc>Pauses the test executed for the given time.</doc>
<status status="PASS" start="2025-12-26T09:48:10.359013" elapsed="2.002929"/>
</kw>
<doc>กดปุ่มลงทะเบียน Lab4</doc>
<status status="PASS" start="2025-12-26T09:48:09.680990" elapsed="2.681227"/>
</kw>
<kw name="Verify Lab4 Success Page" owner="lab4_keywords">
<kw name="Wait Until Location Contains" owner="config">
<kw name="Wait Until Keyword Succeeds" owner="BuiltIn">
<kw name="Location Should Contain" owner="SeleniumLibrary">
<msg time="2025-12-26T09:48:12.575411" level="INFO">Current location contains 'Success.html'.</msg>
<arg>${expected_text}</arg>
<doc>Verifies that the current URL contains ``expected``.</doc>
<status status="PASS" start="2025-12-26T09:48:12.365265" elapsed="0.210470"/>
</kw>
<arg>${timeout}</arg>
<arg>1s</arg>
<arg>Location Should Contain</arg>
<arg>${expected_text}</arg>
<doc>Runs the specified keyword and retries if it fails.</doc>
<status status="PASS" start="2025-12-26T09:48:12.364280" elapsed="0.211664"/>
</kw>
<arg>Success.html</arg>
<arg>timeout=7s</arg>
<doc>รอจนกว่า URL จะมีข้อความที่กำหนด</doc>
<status status="PASS" start="2025-12-26T09:48:12.363629" elapsed="0.212500"/>
</kw>
<kw name="Wait Until Page Contains" owner="SeleniumLibrary">
<arg>Success</arg>
<arg>timeout=5s</arg>
<doc>Waits until ``text`` appears on the current page.</doc>
<status status="PASS" start="2025-12-26T09:48:12.576478" elapsed="0.211276"/>
</kw>
<kw name="Page Should Contain" owner="SeleniumLibrary">
<msg time="2025-12-26T09:48:13.208520" level="INFO">Current page contains text 'Thank you for registering with us.'.</msg>
<arg>Thank you for registering with us.</arg>
<doc>Verifies that current page contains ``text``.</doc>
<status status="PASS" start="2025-12-26T09:48:12.788278" elapsed="0.420598"/>
</kw>
<kw name="Page Should Contain" owner="SeleniumLibrary">
<msg time="2025-12-26T09:48:13.627986" level="INFO">Current page contains text 'We will send a confirmation to your email soon.'.</msg>
<arg>We will send a confirmation to your email soon.</arg>
<doc>Verifies that current page contains ``text``.</doc>
<status status="PASS" start="2025-12-26T09:48:13.209336" elapsed="0.418985"/>
</kw>
<kw name="Title Should Be" owner="SeleniumLibrary">
<msg time="2025-12-26T09:48:13.839157" level="INFO">Page title is 'Success'.</msg>
<arg>Success</arg>
<doc>Verifies that the current page title equals ``title``.</doc>
<status status="PASS" start="2025-12-26T09:48:13.628759" elapsed="0.210732"/>
</kw>
<kw name="Log" owner="BuiltIn">
<msg time="2025-12-26T09:48:13.840616" level="INFO">Lab4 Success page verified successfully</msg>
<arg>Lab4 Success page verified successfully</arg>
<doc>Logs the given message with the given level.</doc>
<status status="PASS" start="2025-12-26T09:48:13.839937" elapsed="0.000778"/>
</kw>
<doc>ตรวจสอบหน้า Success ของ Lab4</doc>
<status status="PASS" start="2025-12-26T09:48:12.362936" elapsed="1.477940"/>
</kw>
<kw name="Log" owner="BuiltIn">
<msg time="2025-12-26T09:48:13.841611" level="INFO">TC04 PASSED: Phone format with dash accepted</msg>
<arg>TC04 PASSED: Phone format with dash accepted</arg>
<doc>Logs the given message with the given level.</doc>
<status status="PASS" start="2025-12-26T09:48:13.841223" elapsed="0.000476"/>
</kw>
<kw name="Lab4 Test Teardown" owner="lab4_keywords" type="TEARDOWN">
<kw name="Run Keyword If" owner="BuiltIn">
<arg>'${TEST STATUS}' == 'FAIL'</arg>
<arg>Capture Page Screenshot</arg>
<doc>Runs the given keyword with the given arguments, if ``condition`` is true.</doc>
<status status="PASS" start="2025-12-26T09:48:13.842481" elapsed="0.000422"/>
</kw>
<kw name="Run Keyword And Ignore Error" owner="BuiltIn">
<kw name="Go To" owner="SeleniumLibrary">
<msg time="2025-12-26T09:48:13.843402" level="INFO">Opening url 'http://localhost:7272/Lab4/Registration.html'</msg>
<arg>${LAB4_REGISTRATION_URL}</arg>
<doc>Navigates the current browser window to the provided ``url``.</doc>
<status status="PASS" start="2025-12-26T09:48:13.843269" elapsed="0.238545"/>
</kw>
<arg>Go To</arg>
<arg>${LAB4_REGISTRATION_URL}</arg>
<doc>Runs the given keyword with the given arguments and ignores possible error.</doc>
<status status="PASS" start="2025-12-26T09:48:13.843018" elapsed="0.239252"/>
</kw>
<kw name="Sleep" owner="BuiltIn">
<msg time="2025-12-26T09:48:15.085908" level="INFO">Slept 1 second.</msg>
<arg>1s</arg>
<doc>Pauses the test executed for the given time.</doc>
<status status="PASS" start="2025-12-26T09:48:14.082545" elapsed="1.003634"/>
</kw>
<kw name="Run Keyword And Ignore Error" owner="BuiltIn">
<kw name="Clear All Lab4 Form Fields" owner="lab4_keywords">
<kw name="Execute Javascript" owner="SeleniumLibrary">
<msg time="2025-12-26T09:48:15.088355" level="INFO">Executing JavaScript:
try {document.getElementById('firstname').value = '';document.getElementById('lastname').value = '';document.getElementById('organization').value = '';document.getElementById('email').value = '';document.getElementById('phone').value = '';document.getElementById('errors').innerHTML = '';} catch(e) {console.log('Form clearing error: ' + e.message);}
Without any arguments.</msg>
<arg>try {</arg>
<arg>document.getElementById('firstname').value = '';</arg>
<arg>document.getElementById('lastname').value = '';</arg>
<arg>document.getElementById('organization').value = '';</arg>
<arg>document.getElementById('email').value = '';</arg>
<arg>document.getElementById('phone').value = '';</arg>
<arg>document.getElementById('errors').innerHTML = '';</arg>
<arg>} catch(e) {</arg>
<arg>console.log('Form clearing error: ' + e.message);</arg>
<arg>}</arg>
<doc>Executes the given JavaScript code with possible arguments.</doc>
<status status="PASS" start="2025-12-26T09:48:15.087715" elapsed="0.211218"/>
</kw>
<doc>ล้างข้อมูลทุกช่องในฟอร์ม Lab4</doc>
<status status="PASS" start="2025-12-26T09:48:15.087291" elapsed="0.211975"/>
</kw>
<arg>Clear All Lab4 Form Fields</arg>
<doc>Runs the given keyword with the given arguments and ignores possible error.</doc>
<status status="PASS" start="2025-12-26T09:48:15.086554" elapsed="0.212835"/>
</kw>
<doc>Teardown สำหรับแต่ละ test case ของ Lab4</doc>
<status status="PASS" start="2025-12-26T09:48:13.842148" elapsed="1.457362"/>
</kw>
<doc>Test Case 4: ทดสอบรูปแบบเบอร์โทรศัพท์ที่ถูกต้องแบบ XXX-XXX-XXXX
Expected Result: ลงทะเบียนสำเร็จ

Test Steps:
1. กรอกข้อมูลที่ช่อง First Name = "Somyod"
2. กรอกข้อมูลที่ช่อง Last Name = "Sodsai"
3. กรอกข้อมูลที่ช่อง Organization = "CS KKU"
4. กรอกข้อมูลที่ช่อง Email = "somyod@kkumail.com"
5. กรอกข้อมูลที่ช่อง Phone No. = "091-001-1234" (format: XXX-XXX-XXXX)
6. กดปุ่ม "Register"

Expected Result:
- ลงทะเบียนสำเร็จและแสดงหน้า Success.html</doc>
<tag>Normal</tag>
<tag>PhoneFormat</tag>
<tag>Positive</tag>
<tag>UAT-Lab04-001</tag>
<status status="PASS" start="2025-12-26T09:48:00.823863" elapsed="14.475847"/>
</test>
<test id="s1-s1-t5" name="UAT-Lab04-001-TC05: Valid Phone Format With Dot" line="126">
<kw name="Lab4 Test Setup" owner="lab4_keywords" type="SETUP">
<kw name="Navigate To Lab4 Registration Page" owner="lab4_keywords">
<kw name="Go To" owner="SeleniumLibrary">
<msg time="2025-12-26T09:48:15.304059" level="INFO">Opening url 'http://localhost:7272/Lab4/Registration.html'</msg>
<arg>${LAB4_REGISTRATION_URL}</arg>
<doc>Navigates the current browser window to the provided ``url``.</doc>
<status status="PASS" start="2025-12-26T09:48:15.303892" elapsed="0.213394"/>
</kw>
<kw name="Wait Until Page Contains Element" owner="SeleniumLibrary">
<arg>${FIRSTNAME_FIELD}</arg>
<arg>timeout=10s</arg>
<doc>Waits until the element ``locator`` appears on the current page.</doc>
<status status="PASS" start="2025-12-26T09:48:15.517729" elapsed="0.214056"/>
</kw>
<kw name="Page Should Contain" owner="SeleniumLibrary">
<msg time="2025-12-26T09:48:16.155264" level="INFO">Current page contains text 'Workshop Registration'.</msg>
<arg>Workshop Registration</arg>
<doc>Verifies that current page contains ``text``.</doc>
<status status="PASS" start="2025-12-26T09:48:15.732231" elapsed="0.423382"/>
</kw>
<doc>ไปยังหน้า Workshop Registration ของ Lab4</doc>
<status status="PASS" start="2025-12-26T09:48:15.303653" elapsed="0.852245"/>
</kw>
<doc>Setup สำหรับแต่ละ test case ของ Lab4</doc>
<status status="PASS" start="2025-12-26T09:48:15.303275" elapsed="0.852772"/>
</kw>
<kw name="Fill Lab4 Complete Registration Form" owner="lab4_keywords">
<kw name="Clear All Lab4 Form Fields" owner="lab4_keywords">
<kw name="Execute Javascript" owner="SeleniumLibrary">
<msg time="2025-12-26T09:48:16.160552" level="INFO">Executing JavaScript:
try {document.getElementById('firstname').value = '';document.getElementById('lastname').value = '';document.getElementById('organization').value = '';document.getElementById('email').value = '';document.getElementById('phone').value = '';document.getElementById('errors').innerHTML = '';} catch(e) {console.log('Form clearing error: ' + e.message);}
Without any arguments.</msg>
<arg>try {</arg>
<arg>document.getElementById('firstname').value = '';</arg>
<arg>document.getElementById('lastname').value = '';</arg>
<arg>document.getElementById('organization').value = '';</arg>
<arg>document.getElementById('email').value = '';</arg>
<arg>document.getElementById('phone').value = '';</arg>
<arg>document.getElementById('errors').innerHTML = '';</arg>
<arg>} catch(e) {</arg>
<arg>console.log('Form clearing error: ' + e.message);</arg>
<arg>}</arg>
<doc>Executes the given JavaScript code with possible arguments.</doc>
<status status="PASS" start="2025-12-26T09:48:16.158354" elapsed="0.216611"/>
</kw>
<doc>ล้างข้อมูลทุกช่องในฟอร์ม Lab4</doc>
<status status="PASS" start="2025-12-26T09:48:16.157898" elapsed="0.217531"/>
</kw>
<kw name="Fill Lab4 Form Field" owner="lab4_keywords">
<kw name="Wait Until Element Is Visible" owner="SeleniumLibrary">
<arg>${field_locator}</arg>
<arg>timeout=5s</arg>
<doc>Waits until the element ``locator`` is visible.</doc>
<status status="PASS" start="2025-12-26T09:48:16.377055" elapsed="0.431547"/>
</kw>
<kw name="Clear Element Text" owner="SeleniumLibrary">
<arg>${field_locator}</arg>
<doc>Clears the value of the text-input-element identified by ``locator``.</doc>
<status status="PASS" start="2025-12-26T09:48:16.809146" elapsed="0.440260"/>
</kw>
<kw name="Input Text" owner="SeleniumLibrary">
<msg time="2025-12-26T09:48:17.250629" level="INFO">Typing text 'Somyod' into text field 'id:firstname'.</msg>
<arg>${field_locator}</arg>
<arg>${value}</arg>
<doc>Types the given ``text`` into the text field identified by ``locator``.</doc>
<status status="PASS" start="2025-12-26T09:48:17.249928" elapsed="0.678237"/>
</kw>
<arg>${FIRSTNAME_FIELD}</arg>
<arg>${firstname}</arg>
<doc>กรอกข้อมูลในช่องที่กำหนด</doc>
<status status="PASS" start="2025-12-26T09:48:16.376020" elapsed="1.552501"/>
</kw>
<kw name="Fill Lab4 Form Field" owner="lab4_keywords">
<kw name="Wait Until Element Is Visible" owner="SeleniumLibrary">
<arg>${field_locator}</arg>
<arg>timeout=5s</arg>
<doc>Waits until the element ``locator`` is visible.</doc>
<status status="PASS" start="2025-12-26T09:48:17.929967" elapsed="0.429107"/>
</kw>
<kw name="Clear Element Text" owner="SeleniumLibrary">
<arg>${field_locator}</arg>
<doc>Clears the value of the text-input-element identified by ``locator``.</doc>
<status status="PASS" start="2025-12-26T09:48:18.359639" elapsed="0.439416"/>
</kw>
<kw name="Input Text" owner="SeleniumLibrary">
<msg time="2025-12-26T09:48:18.800191" level="INFO">Typing text 'Sodsai' into text field 'id:lastname'.</msg>
<arg>${field_locator}</arg>
<arg>${value}</arg>
<doc>Types the given ``text`` into the text field identified by ``locator``.</doc>
<status status="PASS" start="2025-12-26T09:48:18.799580" elapsed="0.686181"/>
</kw>
<arg>${LASTNAME_FIELD}</arg>
<arg>${lastname}</arg>
<doc>กรอกข้อมูลในช่องที่กำหนด</doc>
<status status="PASS" start="2025-12-26T09:48:17.929089" elapsed="1.557293"/>
</kw>
<kw name="Fill Lab4 Form Field" owner="lab4_keywords">
<kw name="Wait Until Element Is Visible" owner="SeleniumLibrary">
<arg>${field_locator}</arg>
<arg>timeout=5s</arg>
<doc>Waits until the element ``locator`` is visible.</doc>
<status status="PASS" start="2025-12-26T09:48:19.487755" elapsed="0.429694"/>
</kw>
<kw name="Clear Element Text" owner="SeleniumLibrary">
<arg>${field_locator}</arg>
<doc>Clears the value of the text-input-element identified by ``locator``.</doc>
<status status="PASS" start="2025-12-26T09:48:19.918002" elapsed="0.442837"/>
</kw>
<kw name="Input Text" owner="SeleniumLibrary">
<msg time="2025-12-26T09:48:20.362182" level="INFO">Typing text 'CS KKU' into text field 'id:organization'.</msg>
<arg>${field_locator}</arg>
<arg>${value}</arg>
<doc>Types the given ``text`` into the text field identified by ``locator``.</doc>
<status status="PASS" start="2025-12-26T09:48:20.361491" elapsed="0.677077"/>
</kw>
<arg>${ORGANIZATION_FIELD}</arg>
<arg>${organization}</arg>
<doc>กรอกข้อมูลในช่องที่กำหนด</doc>
<status status="PASS" start="2025-12-26T09:48:19.486920" elapsed="1.552012"/>
</kw>
<kw name="Fill Lab4 Form Field" owner="lab4_keywords">
<kw name="Wait Until Element Is Visible" owner="SeleniumLibrary">
<arg>${field_locator}</arg>
<arg>timeout=5s</arg>
<doc>Waits until the element ``locator`` is visible.</doc>
<status status="PASS" start="2025-12-26T09:48:21.040356" elapsed="0.427004"/>
</kw>
<kw name="Clear Element Text" owner="SeleniumLibrary">
<arg>${field_locator}</arg>
<doc>Clears the value of the text-input-element identified by ``locator``.</doc>
<status status="PASS" start="2025-12-26T09:48:21.467914" elapsed="0.438273"/>
</kw>
<kw name="Input Text" owner="SeleniumLibrary">
<msg time="2025-12-26T09:48:21.907359" level="INFO">Typing text 'somyod@kkumail.com' into text field 'id:email'.</msg>
<arg>${field_locator}</arg>
<arg>${value}</arg>
<doc>Types the given ``text`` into the text field identified by ``locator``.</doc>
<status status="PASS" start="2025-12-26T09:48:21.906725" elapsed="0.679306"/>
</kw>
<arg>${EMAIL_FIELD}</arg>
<arg>${email}</arg>
<doc>กรอกข้อมูลในช่องที่กำหนด</doc>
<status status="PASS" start="2025-12-26T09:48:21.039487" elapsed="1.546904"/>
</kw>
<kw name="Fill Lab4 Form Field" owner="lab4_keywords">
<kw name="Wait Until Element Is Visible" owner="SeleniumLibrary">
<arg>${field_locator}</arg>
<arg>timeout=5s</arg>
<doc>Waits until the element ``locator`` is visible.</doc>
<status status="PASS" start="2025-12-26T09:48:22.587785" elapsed="0.427237"/>
</kw>
<kw name="Clear Element Text" owner="SeleniumLibrary">
<arg>${field_locator}</arg>
<doc>Clears the value of the text-input-element identified by ``locator``.</doc>
<status status="PASS" start="2025-12-26T09:48:23.015580" elapsed="0.438711"/>
</kw>
<kw name="Input Text" owner="SeleniumLibrary">
<msg time="2025-12-26T09:48:23.455480" level="INFO">Typing text '091.001.1234' into text field 'id:phone'.</msg>
<arg>${field_locator}</arg>
<arg>${value}</arg>
<doc>Types the given ``text`` into the text field identified by ``locator``.</doc>
<status status="PASS" start="2025-12-26T09:48:23.454813" elapsed="0.684803"/>
</kw>
<arg>${PHONE_FIELD}</arg>
<arg>${phone}</arg>
<doc>กรอกข้อมูลในช่องที่กำหนด</doc>
<status status="PASS" start="2025-12-26T09:48:22.586929" elapsed="1.553029"/>
</kw>
<kw name="Log" owner="BuiltIn">
<msg time="2025-12-26T09:48:24.141040" level="INFO">Filled complete registration form with all fields</msg>
<arg>Filled complete registration form with all fields</arg>
<doc>Logs the given message with the given level.</doc>
<status status="PASS" start="2025-12-26T09:48:24.140346" elapsed="0.000808"/>
</kw>
<arg>phone=091.001.1234</arg>
<doc>กรอกฟอร์มลงทะเบียน Lab4 แบบครบถ้วน</doc>
<status status="PASS" start="2025-12-26T09:48:16.156798" elapsed="7.984495"/>
</kw>
<kw name="Submit Lab4 Registration Form" owner="lab4_keywords">
<kw name="Click Button" owner="SeleniumLibrary">
<msg time="2025-12-26T09:48:24.142719" level="INFO">Clicking button 'id:registerButton'.</msg>
<arg>${REGISTER_BUTTON}</arg>
<doc>Clicks the button identified by ``locator``.</doc>
<status status="PASS" start="2025-12-26T09:48:24.142307" elapsed="0.682306"/>
</kw>
<kw name="Sleep" owner="BuiltIn">
<msg time="2025-12-26T09:48:26.826177" level="INFO">Slept 2 seconds.</msg>
<arg>2s</arg>
<doc>Pauses the test executed for the given time.</doc>
<status status="PASS" start="2025-12-26T09:48:24.824834" elapsed="2.001675"/>
</kw>
<doc>กดปุ่มลงทะเบียน Lab4</doc>
<status status="PASS" start="2025-12-26T09:48:24.141773" elapsed="2.684997"/>
</kw>
<kw name="Verify Lab4 Success Page" owner="lab4_keywords">
<kw name="Wait Until Location Contains" owner="config">
<kw name="Wait Until Keyword Succeeds" owner="BuiltIn">
<kw name="Location Should Contain" owner="SeleniumLibrary">
<msg time="2025-12-26T09:48:27.039138" level="INFO">Current location contains 'Success.html'.</msg>
<arg>${expected_text}</arg>
<doc>Verifies that the current URL contains ``expected``.</doc>
<status status="PASS" start="2025-12-26T09:48:26.829346" elapsed="0.210145"/>
</kw>
<arg>${timeout}</arg>
<arg>1s</arg>
<arg>Location Should Contain</arg>
<arg>${expected_text}</arg>
<doc>Runs the specified keyword and retries if it fails.</doc>
<status status="PASS" start="2025-12-26T09:48:26.828628" elapsed="0.211096"/>
</kw>
<arg>Success.html</arg>
<arg>timeout=7s</arg>
<doc>รอจนกว่า URL จะมีข้อความที่กำหนด</doc>
<status status="PASS" start="2025-12-26T09:48:26.828024" elapsed="0.211903"/>
</kw>
<kw name="Wait Until Page Contains" owner="SeleniumLibrary">
<arg>Success</arg>
<arg>timeout=5s</arg>
<doc>Waits until ``text`` appears on the current page.</doc>
<status status="PASS" start="2025-12-26T09:48:27.040299" elapsed="0.216125"/>
</kw>
<kw name="Page Should Contain" owner="SeleniumLibrary">
<msg time="2025-12-26T09:48:27.681026" level="INFO">Current page contains text 'Thank you for registering with us.'.</msg>
<arg>Thank you for registering with us.</arg>
<doc>Verifies that current page contains ``text``.</doc>
<status status="PASS" start="2025-12-26T09:48:27.256970" elapsed="0.424325"/>
</kw>
<kw name="Page Should Contain" owner="SeleniumLibrary">
<msg time="2025-12-26T09:48:28.102991" level="INFO">Current page contains text 'We will send a confirmation to your email soon.'.</msg>
<arg>We will send a confirmation to your email soon.</arg>
<doc>Verifies that current page contains ``text``.</doc>
<status status="PASS" start="2025-12-26T09:48:27.681626" elapsed="0.421706"/>
</kw>
<kw name="Title Should Be" owner="SeleniumLibrary">
<msg time="2025-12-26T09:48:28.316141" level="INFO">Page title is 'Success'.</msg>
<arg>Success</arg>
<doc>Verifies that the current page title equals ``title``.</doc>
<status status="PASS" start="2025-12-26T09:48:28.103781" elapsed="0.212687"/>
</kw>
<kw name="Log" owner="BuiltIn">
<msg time="2025-12-26T09:48:28.317582" level="INFO">Lab4 Success page verified successfully</msg>
<arg>Lab4 Success page verified successfully</arg>
<doc>Logs the given message with the given level.</doc>
<status status="PASS" start="2025-12-26T09:48:28.316913" elapsed="0.000764"/>
</kw>
<doc>ตรวจสอบหน้า Success ของ Lab4</doc>
<status status="PASS" start="2025-12-26T09:48:26.827412" elapsed="1.490418"/>
</kw>
<kw name="Log" owner="BuiltIn">
<msg time="2025-12-26T09:48:28.318386" level="INFO">TC05 PASSED: Phone format with dot accepted</msg>
<arg>TC05 PASSED: Phone format with dot accepted</arg>
<doc>Logs the given message with the given level.</doc>
<status status="PASS" start="2025-12-26T09:48:28.318167" elapsed="0.000266"/>
</kw>
<kw name="Lab4 Test Teardown" owner="lab4_keywords" type="TEARDOWN">
<kw name="Run Keyword If" owner="BuiltIn">
<arg>'${TEST STATUS}' == 'FAIL'</arg>
<arg>Capture Page Screenshot</arg>
<doc>Runs the given keyword with the given arguments, if ``condition`` is true.</doc>
<status status="PASS" start="2025-12-26T09:48:28.319294" elapsed="0.000400"/>
</kw>
<kw name="Run Keyword And Ignore Error" owner="BuiltIn">
<kw name="Go To" owner="SeleniumLibrary">
<msg time="2025-12-26T09:48:28.320199" level="INFO">Opening url 'http://localhost:7272/Lab4/Registration.html'</msg>
<arg>${LAB4_REGISTRATION_URL}</arg>
<doc>Navigates the current browser window to the provided ``url``.</doc>
<status status="PASS" start="2025-12-26T09:48:28.320063" elapsed="0.233671"/>
</kw>
<arg>Go To</arg>
<arg>${LAB4_REGISTRATION_URL}</arg>
<doc>Runs the given keyword with the given arguments and ignores possible error.</doc>
<status status="PASS" start="2025-12-26T09:48:28.319811" elapsed="0.234261"/>
</kw>
<kw name="Sleep" owner="BuiltIn">
<msg time="2025-12-26T09:48:29.556719" level="INFO">Slept 1 second.</msg>
<arg>1s</arg>
<doc>Pauses the test executed for the given time.</doc>
<status status="PASS" start="2025-12-26T09:48:28.554473" elapsed="1.002560"/>
</kw>
<kw name="Run Keyword And Ignore Error" owner="BuiltIn">
<kw name="Clear All Lab4 Form Fields" owner="lab4_keywords">
<kw name="Execute Javascript" owner="SeleniumLibrary">
<msg time="2025-12-26T09:48:29.559653" level="INFO">Executing JavaScript:
try {document.getElementById('firstname').value = '';document.getElementById('lastname').value = '';document.getElementById('organization').value = '';document.getElementById('email').value = '';document.getElementById('phone').value = '';document.getElementById('errors').innerHTML = '';} catch(e) {console.log('Form clearing error: ' + e.message);}
Without any arguments.</msg>
<arg>try {</arg>
<arg>document.getElementById('firstname').value = '';</arg>
<arg>document.getElementById('lastname').value = '';</arg>
<arg>document.getElementById('organization').value = '';</arg>
<arg>document.getElementById('email').value = '';</arg>
<arg>document.getElementById('phone').value = '';</arg>
<arg>document.getElementById('errors').innerHTML = '';</arg>
<arg>} catch(e) {</arg>
<arg>console.log('Form clearing error: ' + e.message);</arg>
<arg>}</arg>
<doc>Executes the given JavaScript code with possible arguments.</doc>
<status status="PASS" start="2025-12-26T09:48:29.558989" elapsed="0.212020"/>
</kw>
<doc>ล้างข้อมูลทุกช่องในฟอร์ม Lab4</doc>
<status status="PASS" start="2025-12-26T09:48:29.558498" elapsed="0.212720"/>
</kw>
<arg>Clear All Lab4 Form Fields</arg>
<doc>Runs the given keyword with the given arguments and ignores possible error.</doc>
<status status="PASS" start="2025-12-26T09:48:29.557500" elapsed="0.213781"/>
</kw>
<doc>Teardown สำหรับแต่ละ test case ของ Lab4</doc>
<status status="PASS" start="2025-12-26T09:48:28.318979" elapsed="1.452354"/>
</kw>
<doc>Test Case 5: ทดสอบรูปแบบเบอร์โทรศัพท์ที่ถูกต้องแบบ XXX.XXX.XXXX
Expected Result: ลงทะเบียนสำเร็จ

Test Steps:
1. กรอกข้อมูลที่ช่อง First Name = "Somyod"
2. กรอกข้อมูลที่ช่อง Last Name = "Sodsai"
3. กรอกข้อมูลที่ช่อง Organization = "CS KKU"
4. กรอกข้อมูลที่ช่อง Email = "somyod@kkumail.com"
5. กรอกข้อมูลที่ช่อง Phone No. = "091.001.1234" (format: XXX.XXX.XXXX)
6. กดปุ่ม "Register"

Expected Result:
- ลงทะเบียนสำเร็จและแสดงหน้า Success.html</doc>
<tag>Normal</tag>
<tag>PhoneFormat</tag>
<tag>Positive</tag>
<tag>UAT-Lab04-001</tag>
<status status="PASS" start="2025-12-26T09:48:15.300302" elapsed="14.471150"/>
</test>
<test id="s1-s1-t6" name="UAT-Lab04-001-TC06: Valid Phone Format With Space" line="146">
<kw name="Lab4 Test Setup" owner="lab4_keywords" type="SETUP">
<kw name="Navigate To Lab4 Registration Page" owner="lab4_keywords">
<kw name="Go To" owner="SeleniumLibrary">
<msg time="2025-12-26T09:48:29.773604" level="INFO">Opening url 'http://localhost:7272/Lab4/Registration.html'</msg>
<arg>${LAB4_REGISTRATION_URL}</arg>
<doc>Navigates the current browser window to the provided ``url``.</doc>
<status status="PASS" start="2025-12-26T09:48:29.773464" elapsed="0.219996"/>
</kw>
<kw name="Wait Until Page Contains Element" owner="SeleniumLibrary">
<arg>${FIRSTNAME_FIELD}</arg>
<arg>timeout=10s</arg>
<doc>Waits until the element ``locator`` appears on the current page.</doc>
<status status="PASS" start="2025-12-26T09:48:29.993735" elapsed="0.209921"/>
</kw>
<kw name="Page Should Contain" owner="SeleniumLibrary">
<msg time="2025-12-26T09:48:30.623851" level="INFO">Current page contains text 'Workshop Registration'.</msg>
<arg>Workshop Registration</arg>
<doc>Verifies that current page contains ``text``.</doc>
<status status="PASS" start="2025-12-26T09:48:30.204192" elapsed="0.419999"/>
</kw>
<doc>ไปยังหน้า Workshop Registration ของ Lab4</doc>
<status status="PASS" start="2025-12-26T09:48:29.773287" elapsed="0.851206"/>
</kw>
<doc>Setup สำหรับแต่ละ test case ของ Lab4</doc>
<status status="PASS" start="2025-12-26T09:48:29.773035" elapsed="0.851619"/>
</kw>
<kw name="Fill Lab4 Complete Registration Form" owner="lab4_keywords">
<kw name="Clear All Lab4 Form Fields" owner="lab4_keywords">
<kw name="Execute Javascript" owner="SeleniumLibrary">
<msg time="2025-12-26T09:48:30.627890" level="INFO">Executing JavaScript:
try {document.getElementById('firstname').value = '';document.getElementById('lastname').value = '';document.getElementById('organization').value = '';document.getElementById('email').value = '';document.getElementById('phone').value = '';document.getElementById('errors').innerHTML = '';} catch(e) {console.log('Form clearing error: ' + e.message);}
Without any arguments.</msg>
<arg>try {</arg>
<arg>document.getElementById('firstname').value = '';</arg>
<arg>document.getElementById('lastname').value = '';</arg>
<arg>document.getElementById('organization').value = '';</arg>
<arg>document.getElementById('email').value = '';</arg>
<arg>document.getElementById('phone').value = '';</arg>
<arg>document.getElementById('errors').innerHTML = '';</arg>
<arg>} catch(e) {</arg>
<arg>console.log('Form clearing error: ' + e.message);</arg>
<arg>}</arg>
<doc>Executes the given JavaScript code with possible arguments.</doc>
<status status="PASS" start="2025-12-26T09:48:30.626994" elapsed="0.209132"/>
</kw>
<doc>ล้างข้อมูลทุกช่องในฟอร์ม Lab4</doc>
<status status="PASS" start="2025-12-26T09:48:30.626521" elapsed="0.209852"/>
</kw>
<kw name="Fill Lab4 Form Field" owner="lab4_keywords">
<kw name="Wait Until Element Is Visible" owner="SeleniumLibrary">
<arg>${field_locator}</arg>
<arg>timeout=5s</arg>
<doc>Waits until the element ``locator`` is visible.</doc>
<status status="PASS" start="2025-12-26T09:48:30.837121" elapsed="0.424808"/>
</kw>
<kw name="Clear Element Text" owner="SeleniumLibrary">
<arg>${field_locator}</arg>
<doc>Clears the value of the text-input-element identified by ``locator``.</doc>
<status status="PASS" start="2025-12-26T09:48:31.262577" elapsed="0.449982"/>
</kw>
<kw name="Input Text" owner="SeleniumLibrary">
<msg time="2025-12-26T09:48:31.714040" level="INFO">Typing text 'Somyod' into text field 'id:firstname'.</msg>
<arg>${field_locator}</arg>
<arg>${value}</arg>
<doc>Types the given ``text`` into the text field identified by ``locator``.</doc>
<status status="PASS" start="2025-12-26T09:48:31.713359" elapsed="0.692043"/>
</kw>
<arg>${FIRSTNAME_FIELD}</arg>
<arg>${firstname}</arg>
<doc>กรอกข้อมูลในช่องที่กำหนด</doc>
<status status="PASS" start="2025-12-26T09:48:30.836674" elapsed="1.569112"/>
</kw>
<kw name="Fill Lab4 Form Field" owner="lab4_keywords">
<kw name="Wait Until Element Is Visible" owner="SeleniumLibrary">
<arg>${field_locator}</arg>
<arg>timeout=5s</arg>
<doc>Waits until the element ``locator`` is visible.</doc>
<status status="PASS" start="2025-12-26T09:48:32.407506" elapsed="0.425661"/>
</kw>
<kw name="Clear Element Text" owner="SeleniumLibrary">
<arg>${field_locator}</arg>
<doc>Clears the value of the text-input-element identified by ``locator``.</doc>
<status status="PASS" start="2025-12-26T09:48:32.833755" elapsed="0.448693"/>
</kw>
<kw name="Input Text" owner="SeleniumLibrary">
<msg time="2025-12-26T09:48:33.283580" level="INFO">Typing text 'Sodsai' into text field 'id:lastname'.</msg>
<arg>${field_locator}</arg>
<arg>${value}</arg>
<doc>Types the given ``text`` into the text field identified by ``locator``.</doc>
<status status="PASS" start="2025-12-26T09:48:33.282910" elapsed="0.680756"/>
</kw>
<arg>${LASTNAME_FIELD}</arg>
<arg>${lastname}</arg>
<doc>กรอกข้อมูลในช่องที่กำหนด</doc>
<status status="PASS" start="2025-12-26T09:48:32.406591" elapsed="1.557371"/>
</kw>
<kw name="Fill Lab4 Form Field" owner="lab4_keywords">
<kw name="Wait Until Element Is Visible" owner="SeleniumLibrary">
<arg>${field_locator}</arg>
<arg>timeout=5s</arg>
<doc>Waits until the element ``locator`` is visible.</doc>
<status status="PASS" start="2025-12-26T09:48:33.965055" elapsed="0.438712"/>
</kw>
<kw name="Clear Element Text" owner="SeleniumLibrary">
<arg>${field_locator}</arg>
<doc>Clears the value of the text-input-element identified by ``locator``.</doc>
<status status="PASS" start="2025-12-26T09:48:34.404220" elapsed="0.438224"/>
</kw>
[...]
Without any arguments.</msg>
<arg>try {</arg>
<arg>document.getElementById('firstname').value = '';</arg>
<arg>document.getElementById('lastname').value = '';</arg>
<arg>document.getElementById('organization').value = '';</arg>
<arg>document.getElementById('email').value = '';</arg>
<arg>document.getElementById('phone').value = '';</arg>
<arg>document.getElementById('errors').innerHTML = '';</arg>
<arg>} catch(e) {</arg>
<arg>console.log('Form clearing error: ' + e.message);</arg>
<arg>}</arg>
<doc>Executes the given JavaScript code with possible arguments.</doc>
<status status="PASS" start="2025-12-26T09:50:35.144882" elapsed="0.210283"/>
</kw>
<doc>ล้างข้อมูลทุกช่องในฟอร์ม Lab4</doc>
<status status="PASS" start="2025-12-26T09:50:35.144353" elapsed="0.211226"/>
</kw>
<arg>Clear All Lab4 Form Fields</arg>
<doc>Runs the given keyword with the given arguments and ignores possible error.</doc>
<status status="PASS" start="2025-12-26T09:50:35.143593" elapsed="0.212122"/>
</kw>
<doc>Teardown สำหรับแต่ละ test case ของ Lab4</doc>
<status status="PASS" start="2025-12-26T09:50:33.921036" elapsed="1.434810"/>
</kw>
<doc>Test Case 9: ทดสอบการกรอกเบอร์โทรศัพท์สั้นเกินไป
Expected Result: แสดงข้อความเตือน "Please enter a valid phone number!!"

Test Steps:
1. กรอกข้อมูลครบทุกช่อง
2. กรอก Phone No. = "123"
3. กดปุ่ม "Register"

Expected Result:
- อยู่ที่หน้า Workshop Registration เช่นเดิม
- มีการแสดงข้อความเตือนเบอร์โทรศัพท์ไม่ถูกต้อง</doc>
<tag>Negative</tag>
<tag>Normal</tag>
<tag>PhoneValidation</tag>
<tag>UAT-Lab04-002</tag>
<status status="PASS" start="2025-12-26T09:50:20.985756" elapsed="14.370319"/>
</test>
<test id="s1-s2-t10" name="UAT-Lab04-002-TC10: Invalid Phone Number With Special Characters" line="251">
<kw name="Lab4 Test Setup" owner="lab4_keywords" type="SETUP">
<kw name="Navigate To Lab4 Registration Page" owner="lab4_keywords">
<kw name="Go To" owner="SeleniumLibrary">
<msg time="2025-12-26T09:50:35.361569" level="INFO">Opening url 'http://localhost:7272/Lab4/Registration.html'</msg>
<arg>${LAB4_REGISTRATION_URL}</arg>
<doc>Navigates the current browser window to the provided ``url``.</doc>
<status status="PASS" start="2025-12-26T09:50:35.361374" elapsed="0.219229"/>
</kw>
<kw name="Wait Until Page Contains Element" owner="SeleniumLibrary">
<arg>${FIRSTNAME_FIELD}</arg>
<arg>timeout=10s</arg>
<doc>Waits until the element ``locator`` appears on the current page.</doc>
<status status="PASS" start="2025-12-26T09:50:35.581197" elapsed="0.212997"/>
</kw>
<kw name="Page Should Contain" owner="SeleniumLibrary">
<msg time="2025-12-26T09:50:36.219333" level="INFO">Current page contains text 'Workshop Registration'.</msg>
<arg>Workshop Registration</arg>
<doc>Verifies that current page contains ``text``.</doc>
<status status="PASS" start="2025-12-26T09:50:35.794738" elapsed="0.424928"/>
</kw>
<doc>ไปยังหน้า Workshop Registration ของ Lab4</doc>
<status status="PASS" start="2025-12-26T09:50:35.361136" elapsed="0.858820"/>
</kw>
<doc>Setup สำหรับแต่ละ test case ของ Lab4</doc>
<status status="PASS" start="2025-12-26T09:50:35.360771" elapsed="0.859343"/>
</kw>
<kw name="Fill Lab4 Complete Registration Form" owner="lab4_keywords">
<kw name="Clear All Lab4 Form Fields" owner="lab4_keywords">
<kw name="Execute Javascript" owner="SeleniumLibrary">
<msg time="2025-12-26T09:50:36.223362" level="INFO">Executing JavaScript:
try {document.getElementById('firstname').value = '';document.getElementById('lastname').value = '';document.getElementById('organization').value = '';document.getElementById('email').value = '';document.getElementById('phone').value = '';document.getElementById('errors').innerHTML = '';} catch(e) {console.log('Form clearing error: ' + e.message);}
Without any arguments.</msg>
<arg>try {</arg>
<arg>document.getElementById('firstname').value = '';</arg>
<arg>document.getElementById('lastname').value = '';</arg>
<arg>document.getElementById('organization').value = '';</arg>
<arg>document.getElementById('email').value = '';</arg>
<arg>document.getElementById('phone').value = '';</arg>
<arg>document.getElementById('errors').innerHTML = '';</arg>
<arg>} catch(e) {</arg>
<arg>console.log('Form clearing error: ' + e.message);</arg>
<arg>}</arg>
<doc>Executes the given JavaScript code with possible arguments.</doc>
<status status="PASS" start="2025-12-26T09:50:36.222499" elapsed="0.205865"/>
</kw>
<doc>ล้างข้อมูลทุกช่องในฟอร์ม Lab4</doc>
<status status="PASS" start="2025-12-26T09:50:36.222028" elapsed="0.206731"/>
</kw>
<kw name="Fill Lab4 Form Field" owner="lab4_keywords">
<kw name="Wait Until Element Is Visible" owner="SeleniumLibrary">
<arg>${field_locator}</arg>
<arg>timeout=5s</arg>
<doc>Waits until the element ``locator`` is visible.</doc>
<status status="PASS" start="2025-12-26T09:50:36.430038" elapsed="0.427421"/>
</kw>
<kw name="Clear Element Text" owner="SeleniumLibrary">
<arg>${field_locator}</arg>
<doc>Clears the value of the text-input-element identified by ``locator``.</doc>
<status status="PASS" start="2025-12-26T09:50:36.857988" elapsed="0.434559"/>
</kw>
<kw name="Input Text" owner="SeleniumLibrary">
<msg time="2025-12-26T09:50:37.293690" level="INFO">Typing text 'Somyod' into text field 'id:firstname'.</msg>
<arg>${field_locator}</arg>
<arg>${value}</arg>
<doc>Types the given ``text`` into the text field identified by ``locator``.</doc>
<status status="PASS" start="2025-12-26T09:50:37.293043" elapsed="0.683161"/>
</kw>
<arg>${FIRSTNAME_FIELD}</arg>
<arg>${firstname}</arg>
<doc>กรอกข้อมูลในช่องที่กำหนด</doc>
<status status="PASS" start="2025-12-26T09:50:36.429252" elapsed="1.547312"/>
</kw>
<kw name="Fill Lab4 Form Field" owner="lab4_keywords">
<kw name="Wait Until Element Is Visible" owner="SeleniumLibrary">
<arg>${field_locator}</arg>
<arg>timeout=5s</arg>
<doc>Waits until the element ``locator`` is visible.</doc>
<status status="PASS" start="2025-12-26T09:50:37.977977" elapsed="0.421019"/>
</kw>
<kw name="Clear Element Text" owner="SeleniumLibrary">
<arg>${field_locator}</arg>
<doc>Clears the value of the text-input-element identified by ``locator``.</doc>
<status status="PASS" start="2025-12-26T09:50:38.399713" elapsed="0.437105"/>
</kw>
<kw name="Input Text" owner="SeleniumLibrary">
<msg time="2025-12-26T09:50:38.838281" level="INFO">Typing text 'Sodsai' into text field 'id:lastname'.</msg>
<arg>${field_locator}</arg>
<arg>${value}</arg>
<doc>Types the given ``text`` into the text field identified by ``locator``.</doc>
<status status="PASS" start="2025-12-26T09:50:38.837466" elapsed="0.677905"/>
</kw>
<arg>${LASTNAME_FIELD}</arg>
<arg>${lastname}</arg>
<doc>กรอกข้อมูลในช่องที่กำหนด</doc>
<status status="PASS" start="2025-12-26T09:50:37.977107" elapsed="1.538601"/>
</kw>
<kw name="Fill Lab4 Form Field" owner="lab4_keywords">
<kw name="Wait Until Element Is Visible" owner="SeleniumLibrary">
<arg>${field_locator}</arg>
<arg>timeout=5s</arg>
<doc>Waits until the element ``locator`` is visible.</doc>
<status status="PASS" start="2025-12-26T09:50:39.517158" elapsed="0.423404"/>
</kw>
<kw name="Clear Element Text" owner="SeleniumLibrary">
<arg>${field_locator}</arg>
<doc>Clears the value of the text-input-element identified by ``locator``.</doc>
<status status="PASS" start="2025-12-26T09:50:39.941195" elapsed="0.434196"/>
</kw>
<kw name="Input Text" owner="SeleniumLibrary">
<msg time="2025-12-26T09:50:40.376630" level="INFO">Typing text 'CS KKU' into text field 'id:organization'.</msg>
<arg>${field_locator}</arg>
<arg>${value}</arg>
<doc>Types the given ``text`` into the text field identified by ``locator``.</doc>
<status status="PASS" start="2025-12-26T09:50:40.375919" elapsed="0.671823"/>
</kw>
<arg>${ORGANIZATION_FIELD}</arg>
<arg>${organization}</arg>
<doc>กรอกข้อมูลในช่องที่กำหนด</doc>
<status status="PASS" start="2025-12-26T09:50:39.516316" elapsed="1.531783"/>
</kw>
<kw name="Fill Lab4 Form Field" owner="lab4_keywords">
<kw name="Wait Until Element Is Visible" owner="SeleniumLibrary">
<arg>${field_locator}</arg>
<arg>timeout=5s</arg>
<doc>Waits until the element ``locator`` is visible.</doc>
<status status="PASS" start="2025-12-26T09:50:41.049433" elapsed="0.422014"/>
</kw>
<kw name="Clear Element Text" owner="SeleniumLibrary">
<arg>${field_locator}</arg>
<doc>Clears the value of the text-input-element identified by ``locator``.</doc>
<status status="PASS" start="2025-12-26T09:50:41.472005" elapsed="0.434533"/>
</kw>
<kw name="Input Text" owner="SeleniumLibrary">
<msg time="2025-12-26T09:50:41.907708" level="INFO">Typing text 'somyod@kkumail.com' into text field 'id:email'.</msg>
<arg>${field_locator}</arg>
<arg>${value}</arg>
<doc>Types the given ``text`` into the text field identified by ``locator``.</doc>
<status status="PASS" start="2025-12-26T09:50:41.907062" elapsed="0.673584"/>
</kw>
<arg>${EMAIL_FIELD}</arg>
<arg>${email}</arg>
<doc>กรอกข้อมูลในช่องที่กำหนด</doc>
<status status="PASS" start="2025-12-26T09:50:41.048632" elapsed="1.532297"/>
</kw>
<kw name="Fill Lab4 Form Field" owner="lab4_keywords">
<kw name="Wait Until Element Is Visible" owner="SeleniumLibrary">
<arg>${field_locator}</arg>
<arg>timeout=5s</arg>
<doc>Waits until the element ``locator`` is visible.</doc>
<status status="PASS" start="2025-12-26T09:50:42.582075" elapsed="0.423710"/>
</kw>
<kw name="Clear Element Text" owner="SeleniumLibrary">
<arg>${field_locator}</arg>
<doc>Clears the value of the text-input-element identified by ``locator``.</doc>
<status status="PASS" start="2025-12-26T09:50:43.006342" elapsed="0.438344"/>
</kw>
<kw name="Input Text" owner="SeleniumLibrary">
<msg time="2025-12-26T09:50:43.445872" level="INFO">Typing text '081@001#1234' into text field 'id:phone'.</msg>
<arg>${field_locator}</arg>
<arg>${value}</arg>
<doc>Types the given ``text`` into the text field identified by ``locator``.</doc>
<status status="PASS" start="2025-12-26T09:50:43.445202" elapsed="0.680294"/>
</kw>
<arg>${PHONE_FIELD}</arg>
<arg>${phone}</arg>
<doc>กรอกข้อมูลในช่องที่กำหนด</doc>
<status status="PASS" start="2025-12-26T09:50:42.581339" elapsed="1.544478"/>
</kw>
<kw name="Log" owner="BuiltIn">
<msg time="2025-12-26T09:50:44.126865" level="INFO">Filled complete registration form with all fields</msg>
<arg>Filled complete registration form with all fields</arg>
<doc>Logs the given message with the given level.</doc>
<status status="PASS" start="2025-12-26T09:50:44.126188" elapsed="0.000783"/>
</kw>
<arg>phone=081@001#1234</arg>
<doc>กรอกฟอร์มลงทะเบียน Lab4 แบบครบถ้วน</doc>
<status status="PASS" start="2025-12-26T09:50:36.220919" elapsed="7.906185"/>
</kw>
<kw name="Submit Lab4 Registration Form" owner="lab4_keywords">
<kw name="Click Button" owner="SeleniumLibrary">
<msg time="2025-12-26T09:50:44.128098" level="INFO">Clicking button 'id:registerButton'.</msg>
<arg>${REGISTER_BUTTON}</arg>
<doc>Clicks the button identified by ``locator``.</doc>
<status status="PASS" start="2025-12-26T09:50:44.127831" elapsed="0.666253"/>
</kw>
<kw name="Sleep" owner="BuiltIn">
<msg time="2025-12-26T09:50:46.795495" level="INFO">Slept 2 seconds.</msg>
<arg>2s</arg>
<doc>Pauses the test executed for the given time.</doc>
<status status="PASS" start="2025-12-26T09:50:44.794596" elapsed="2.001230"/>
</kw>
<doc>กดปุ่มลงทะเบียน Lab4</doc>
<status status="PASS" start="2025-12-26T09:50:44.127483" elapsed="2.668598"/>
</kw>
<kw name="Verify Lab4 Error Message" owner="lab4_keywords">
<kw name="Wait Until Element Contains" owner="SeleniumLibrary">
<arg>${ERROR_MESSAGE}</arg>
<arg>${expected_message}</arg>
<arg>timeout=5s</arg>
<doc>Waits until the element ``locator`` contains ``text``.</doc>
<status status="PASS" start="2025-12-26T09:50:46.797498" elapsed="0.424661"/>
</kw>
<kw name="Element Should Contain" owner="SeleniumLibrary">
<msg time="2025-12-26T09:50:47.649472" level="INFO">Element 'id:errors' contains text 'Please enter a valid phone number!!'.</msg>
<arg>${ERROR_MESSAGE}</arg>
<arg>${expected_message}</arg>
<doc>Verifies that element ``locator`` contains text ``expected``.</doc>
<status status="PASS" start="2025-12-26T09:50:47.222721" elapsed="0.427095"/>
</kw>
<kw name="Log" owner="BuiltIn">
<msg time="2025-12-26T09:50:47.651081" level="INFO">Error message verified: Please enter a valid phone number!!</msg>
<arg>Error message verified: ${expected_message}</arg>
<doc>Logs the given message with the given level.</doc>
<status status="PASS" start="2025-12-26T09:50:47.650270" elapsed="0.000915"/>
</kw>
<arg>${LAB4_MSG_INVALID_PHONE}</arg>
<doc>ตรวจสอบข้อความแสดงข้อผิดพลาดของ Lab4</doc>
<status status="PASS" start="2025-12-26T09:50:46.796738" elapsed="0.854607"/>
</kw>
<kw name="Verify Still On Lab4 Registration Page" owner="lab4_keywords">
<kw name="Location Should Contain" owner="SeleniumLibrary">
<msg time="2025-12-26T09:50:47.862074" level="INFO">Current location contains 'Registration.html'.</msg>
<arg>Registration.html</arg>
<doc>Verifies that the current URL contains ``expected``.</doc>
<status status="PASS" start="2025-12-26T09:50:47.652307" elapsed="0.210108"/>
</kw>
<kw name="Page Should Contain" owner="SeleniumLibrary">
<msg time="2025-12-26T09:50:48.284212" level="INFO">Current page contains text 'Workshop Registration'.</msg>
<arg>Workshop Registration</arg>
<doc>Verifies that current page contains ``text``.</doc>
<status status="PASS" start="2025-12-26T09:50:47.862861" elapsed="0.421688"/>
</kw>
<kw name="Log" owner="BuiltIn">
<msg time="2025-12-26T09:50:48.285669" level="INFO">Still on Lab4 Registration page</msg>
<arg>Still on Lab4 Registration page</arg>
<doc>Logs the given message with the given level.</doc>
<status status="PASS" start="2025-12-26T09:50:48.284997" elapsed="0.000767"/>
</kw>
<doc>ตรวจสอบว่ายังอยู่ในหน้า Registration ของ Lab4</doc>
<status status="PASS" start="2025-12-26T09:50:47.651826" elapsed="0.634091"/>
</kw>
<kw name="Log" owner="BuiltIn">
<msg time="2025-12-26T09:50:48.286816" level="INFO">TC10 PASSED: Phone with special characters rejected correctly</msg>
<arg>TC10 PASSED: Phone with special characters rejected correctly</arg>
<doc>Logs the given message with the given level.</doc>
<status status="PASS" start="2025-12-26T09:50:48.286578" elapsed="0.000290"/>
</kw>
<kw name="Lab4 Test Teardown" owner="lab4_keywords" type="TEARDOWN">
<kw name="Run Keyword If" owner="BuiltIn">
<arg>'${TEST STATUS}' == 'FAIL'</arg>
<arg>Capture Page Screenshot</arg>
<doc>Runs the given keyword with the given arguments, if ``condition`` is true.</doc>
<status status="PASS" start="2025-12-26T09:50:48.287565" elapsed="0.000399"/>
</kw>
<kw name="Run Keyword And Ignore Error" owner="BuiltIn">
<kw name="Go To" owner="SeleniumLibrary">
<msg time="2025-12-26T09:50:48.288494" level="INFO">Opening url 'http://localhost:7272/Lab4/Registration.html'</msg>
<arg>${LAB4_REGISTRATION_URL}</arg>
<doc>Navigates the current browser window to the provided ``url``.</doc>
<status status="PASS" start="2025-12-26T09:50:48.288359" elapsed="0.218869"/>
</kw>
<arg>Go To</arg>
<arg>${LAB4_REGISTRATION_URL}</arg>
<doc>Runs the given keyword with the given arguments and ignores possible error.</doc>
<status status="PASS" start="2025-12-26T09:50:48.288082" elapsed="0.219471"/>
</kw>
<kw name="Sleep" owner="BuiltIn">
<msg time="2025-12-26T09:50:49.511175" level="INFO">Slept 1 second.</msg>
<arg>1s</arg>
<doc>Pauses the test executed for the given time.</doc>
<status status="PASS" start="2025-12-26T09:50:48.507936" elapsed="1.003571"/>
</kw>
<kw name="Run Keyword And Ignore Error" owner="BuiltIn">
<kw name="Clear All Lab4 Form Fields" owner="lab4_keywords">
<kw name="Execute Javascript" owner="SeleniumLibrary">
<msg time="2025-12-26T09:50:49.514446" level="INFO">Executing JavaScript:
try {document.getElementById('firstname').value = '';document.getElementById('lastname').value = '';document.getElementById('organization').value = '';document.getElementById('email').value = '';document.getElementById('phone').value = '';document.getElementById('errors').innerHTML = '';} catch(e) {console.log('Form clearing error: ' + e.message);}
Without any arguments.</msg>
<arg>try {</arg>
<arg>document.getElementById('firstname').value = '';</arg>
<arg>document.getElementById('lastname').value = '';</arg>
<arg>document.getElementById('organization').value = '';</arg>
<arg>document.getElementById('email').value = '';</arg>
<arg>document.getElementById('phone').value = '';</arg>
<arg>document.getElementById('errors').innerHTML = '';</arg>
<arg>} catch(e) {</arg>
<arg>console.log('Form clearing error: ' + e.message);</arg>
<arg>}</arg>
<doc>Executes the given JavaScript code with possible arguments.</doc>
<status status="PASS" start="2025-12-26T09:50:49.513421" elapsed="0.208483"/>
</kw>
<doc>ล้างข้อมูลทุกช่องในฟอร์ม Lab4</doc>
<status status="PASS" start="2025-12-26T09:50:49.512857" elapsed="0.209447"/>
</kw>
<arg>Clear All Lab4 Form Fields</arg>
<doc>Runs the given keyword with the given arguments and ignores possible error.</doc>
<status status="PASS" start="2025-12-26T09:50:49.511966" elapsed="0.210482"/>
</kw>
<doc>Teardown สำหรับแต่ละ test case ของ Lab4</doc>
<status status="PASS" start="2025-12-26T09:50:48.287247" elapsed="1.435339"/>
</kw>
<doc>Test Case 10: ทดสอบการกรอกเบอร์โทรศัพท์ที่มีอักขระพิเศษที่ไม่อนุญาต
Expected Result: แสดงข้อความเตือน "Please enter a valid phone number!!"

Test Steps:
1. กรอกข้อมูลครบทุกช่อง
2. กรอก Phone No. = "081@001#1234"
3. กดปุ่ม "Register"

Expected Result:
- อยู่ที่หน้า Workshop Registration เช่นเดิม
- มีการแสดงข้อความเตือนเบอร์โทรศัพท์ไม่ถูกต้อง</doc>
<tag>Negative</tag>
<tag>Normal</tag>
<tag>PhoneValidation</tag>
<tag>UAT-Lab04-002</tag>
<status status="PASS" start="2025-12-26T09:50:35.356741" elapsed="14.366113"/>
</test>
<kw name="Lab4 Suite Teardown" owner="lab4_keywords" type="TEARDOWN">
<kw name="Close Lab4 Test Browser" owner="lab4_keywords">
<kw name="Close Browser" owner="SeleniumLibrary">
<doc>Closes the current browser.</doc>
<status status="PASS" start="2025-12-26T09:50:49.725042" elapsed="0.270063"/>
</kw>
<doc>ปิด Browser</doc>
<status status="PASS" start="2025-12-26T09:50:49.724714" elapsed="0.270638"/>
</kw>
<kw name="Log" owner="BuiltIn">
<msg time="2025-12-26T09:50:49.996231" level="INFO">Lab4 Test Suite Completed</msg>
<arg>Lab4 Test Suite Completed</arg>
<doc>Logs the given message with the given level.</doc>
<status status="PASS" start="2025-12-26T09:50:49.995629" elapsed="0.000678"/>
</kw>
<doc>Teardown สำหรับ test suite ของ Lab4</doc>
<status status="PASS" start="2025-12-26T09:50:49.724227" elapsed="0.272428"/>
</kw>
<doc>UAT-Lab04-002: ลงทะเบียนเข้าร่วมอบรมเชิงปฏิบัติการไม่สำเร็จ
Project: WEB-Lab04 - เว็บไซต์ Lab 04 Software Engineering
Module: Workshop Registration
Version: V1.0
Test Scenario: เมื่อกรอกชื่อ นามสกุล อีเมล หรือเบอร์โทรศัพท์ไม่ถูกต้อง
ระบบจะต้องแสดงข้อความเตือนและแนะนำวิธีการกรอกข้อมูลให้ถูกต้อง</doc>
<status status="PASS" start="2025-12-26T09:48:44.575274" elapsed="125.421493"/>
</suite>
<status status="PASS" start="2025-12-26T09:47:24.373071" elapsed="205.628819"/>
</suite>
<statistics>
<total>
<stat pass="16" fail="0" skip="0">All Tests</stat>
</total>
<tag>
<stat pass="10" fail="0" skip="0">Critical</stat>
<stat pass="2" fail="0" skip="0">Navigation</stat>
<stat pass="10" fail="0" skip="0">Negative</stat>
<stat pass="6" fail="0" skip="0">Normal</stat>
<stat pass="3" fail="0" skip="0">PhoneFormat</stat>
<stat pass="3" fail="0" skip="0">PhoneValidation</stat>
<stat pass="6" fail="0" skip="0">Positive</stat>
<stat pass="2" fail="0" skip="0">Success</stat>
<stat pass="6" fail="0" skip="0">UAT-Lab04-001</stat>
<stat pass="10" fail="0" skip="0">UAT-Lab04-002</stat>
<stat pass="6" fail="0" skip="0">Validation</stat>
</tag>
<suite>
<stat name="Lab4-All-Tests" id="s1" pass="16" fail="0" skip="0">Lab4-All-Tests</stat>
<stat name="Lab4 Valid" id="s1-s1" pass="6" fail="0" skip="0">Lab4-All-Tests.Lab4 Valid</stat>
<stat name="Lab4 Invalid" id="s1-s2" pass="10" fail="0" skip="0">Lab4-All-Tests.Lab4 Invalid</stat>
</suite>
</statistics>
<errors>
</errors>
</robot>
